Sample 0 | Loss: 0.171190 | Text: असहमति व्यक्त गर्दै ठुलाठुला विद्वान् सन्त यति प्राचीन नगर
Sample 1 | Loss: 0.215094 | Text: लेखेको देखिन्छ डच खोजहरूको परिणामस्वरूप
Sample 2 | Loss: 0.208844 | Text: स्वर्गसमान छ शान्ति योजना राखे
Sample 3 | Loss: 0.204120 | Text: हात हाल्दै गए पुज्ने गर्दछन् कल्ले देला माम
Sample 4 | Loss: 0.184508 | Text: राजेशले तपाईँलाई नयाँ संयुक्त बाम मोर्चा
Sample 5 | Loss: 0.192141 | Text: महिनाको १५ गतेका गर्ने आयोजना
Sample 6 | Loss: 0.211433 | Text: अस्ट्रेलियालाई सिडनी स्थित केन्द्र पुगिन् समितिबाट थाहा भएको
Sample 7 | Loss: 0.157763 | Text: भन्ने नाम तपाईँलाई रहेका थिए ओरियन विकास क्षेत्र लुम्बिनी
Sample 8 | Loss: 0.188754 | Text: पहिले आउँछ राजा हुकुम जना लाहुरेको बिहेमा
Sample 9 | Loss: 0.179558 | Text: नागरिक सम्मान अध्यक्ष पनि हुन् प्रवृत्तिका प्रचारका
Sample 10 | Loss: 0.204218 | Text: षड्यन्त्रमा पनि उसका भारतमा प्रवेश गर्छ हलिउड फिल्मका चक्का
Sample 11 | Loss: 0.169855 | Text: सबभन्दा बलशाली यसका अधिदेवता मित्र
Sample 12 | Loss: 0.150861 | Text: सेवामा एउटा नयाँ मेरो तपाईँलाई यो
Sample 13 | Loss: 0.200738 | Text: क्रिश दुलालले तपाईँलाई बायाँ तिर सहायता
Sample 14 | Loss: 0.195382 | Text: खोलाको नाम डोटी हुनुभए अझ
Sample 15 | Loss: 0.198678 | Text: उसकी माता पीपलको पत्रहरूमा पिउठानी पिउठाना
Sample 16 | Loss: 0.191800 | Text: विष्णुको रूपमा शोषण हुन्छ भनेर सन्धि संगठनबाहेक भारत
Sample 17 | Loss: 0.267623 | Text: यसको लहरा माथिमाथि चढ्छ १८ जुलाई २०११ मा
Sample 18 | Loss: 0.150589 | Text: ज्यान जोगाउन त्यसैले गर्दा पनि
Sample 19 | Loss: 0.131053 | Text: लेखमा दिएको लिङ्क उनी विरोधी थिए
Sample 20 | Loss: 0.188603 | Text: परिक्रमा मेला सुधार गर्ने प्रयोगकर्ताले
Sample 21 | Loss: 0.183067 | Text: आइडिमा सम्पर्क गर्नुहोला गर्न गराउन लगाउनुपर्छ
Sample 22 | Loss: 0.146253 | Text: सम्भवत सर्वाधिक मन्दिरहरू छन्
Sample 23 | Loss: 0.203166 | Text: परिस्थितिमा महत्त्वपूर्ण भूमिका जन्म कालाहादा दे
Sample 24 | Loss: 0.199607 | Text: त्यो परीक्षणबाट प्राप्त शालिग्राम नै शालिग्राम हो थाहा पाउन सकिने
Sample 25 | Loss: 0.188832 | Text: जन गोर्टन १९६८ यो नाममा ती
Sample 26 | Loss: 0.199788 | Text: पप्पी लिनक्स पाहुनाघर निर्माण विद्युतीकरणका
Sample 27 | Loss: 0.201557 | Text: मूल्याङ्कन गरेको छ आफ्नै नाम ताल
Sample 28 | Loss: 0.157295 | Text: मापदण्ड पुरा गर्नसक्ने क्रममा जनरल कालु
Sample 29 | Loss: 0.125394 | Text: महत्त्वपूर्ण वैज्ञानिक सिद्धिनरसिंह मल्ल
Sample 30 | Loss: 0.155735 | Text: श्री प्रसाद प्रतिष्ठित जन्म मिति
Sample 31 | Loss: 0.177988 | Text: इन्दिरा जस्ता प्रख्यात तथ्य पत्ता लागेको
Sample 32 | Loss: 0.177472 | Text: परन्तु दक्षिणपन्थी समाजवादीहरूको केही शैक्षिक संस्थाबाहेक
Sample 33 | Loss: 0.231586 | Text: अब हाम्रो नजिकै प्रविणता प्रमाणपत्र तह
Sample 34 | Loss: 0.181147 | Text: अक्षर राखी रोलरले विकास जसले गर्दा
Sample 35 | Loss: 0.149398 | Text: २००३ मा कल्पनाले दक्षिणमा माडी उपत्यका
Sample 36 | Loss: 0.221765 | Text: बेर पकाएर पानीजति पढाउन सुरु गरेका थिए
Sample 37 | Loss: 0.224180 | Text: होम स्टे को दिनसम्म गरिन्छ
Sample 38 | Loss: 0.202279 | Text: उपयुक्त मानिन्छ भने आटालाई प्रयोग गर्न
Sample 39 | Loss: 0.169510 | Text: संयुक्त राज्य अमेरिकाको क्यालिफोर्नियाको लस एन्जलसमा रहेको निजी अनुसन्धान विश्वविद्यालय ढाँका जिल्लामा सहरहरूमध्ये
Sample 40 | Loss: 0.137850 | Text: इरानले उपलब्ध गराएका ड्रोनहरूको प्रयोग गरेर रुसले युक्रेनी ऊर्जा केन्द्रमा आक्रमण गरेको छ। मकैको कुन्युसोत्तर भन्नाले
Sample 41 | Loss: 0.179671 | Text: बघिनीले खाएको राज्य छत्तिसगढको
Sample 42 | Loss: 0.186780 | Text: भूमिका निर्वाह पब्लिकेसनले बताएको थियो
Sample 43 | Loss: 0.137603 | Text: प्रक्षेपण गरेर अनेक बारादरी महलका नजिकै
Sample 44 | Loss: 0.191129 | Text: भएको कारणले मेरो करफोक इलाम जिल्लाको
Sample 45 | Loss: 0.204355 | Text: १९८६ र १९८७ मा प्रकाश सेलहरूद्वारा बिजुलीको
Sample 46 | Loss: 0.156174 | Text: श्राद्ध गर्नु उतिकै विभिन्न ठाउँमा अब यो शब्द
Sample 47 | Loss: 0.193045 | Text: पनि यो व्रत अधिकांश आय ब्याज किनकी विदेशीहरूले बुझ्नुपर्छ
Sample 48 | Loss: 0.183746 | Text: भई घन्टौँ उभिएका थिए जय प्रकाश यन्त्र ठुलोपाखर नेपालको
Sample 49 | Loss: 0.211408 | Text: जना रहेका छन् ६८ को बजेटमा चौँथो तहको सुरू तलव १५०००।
Sample 50 | Loss: 0.209391 | Text: कुन्छा नेपालको पश्चिमाञ्चल सोरेनले ७ कक्षासम्मको औपचारिक शिक्षा लिनुभएको छ।
Sample 51 | Loss: 0.167115 | Text: पाणिनि क्याम्पस स्थापना यसो हुनाको मूलकारण साधक ठानिन्छ
Sample 52 | Loss: 0.184589 | Text: केही हो इष्ट गार्डन प्लाजा कीर्तिबममा थियो प्रचलित भएको देखिन्छ
Sample 53 | Loss: 0.225505 | Text: आफैँमा पर्याप्त सङ्ख्यासँग बराबर हुन्छ उमेरका गोल्फर बने
Sample 54 | Loss: 0.204581 | Text: निट्टल तथा विक्टर रूपमा कार्यरत थिए उचाइमा रहेको चापागाउँ
Sample 55 | Loss: 0.175570 | Text: विषाणु जनित वा त्यसपछि कर्णाली नदी
Sample 56 | Loss: 0.200181 | Text: महेशराज पन्त दिनेशराज जापानको संस्कृतिको सबैभन्दा
Sample 57 | Loss: 0.208790 | Text: समर्पित हुन्छ ज्योति काफ्ले नेपालका एक चर्चित हाँस्य कलाकार हुन् हस्ताक्षरमा यो लिङ्कलाई
Sample 58 | Loss: 0.188585 | Text: तर १५१९ मा भएको फागु पूर्णिमाका दिन
Sample 59 | Loss: 0.135387 | Text: मलयालमको साहित्य आठ शताब्दी भन्दा अधिक पुराना छन् पछि उनले धेरै
Sample 60 | Loss: 0.200311 | Text: आफ्ना बालबालिकाहरूको लेख्न सक्ने लिपि हो
Sample 61 | Loss: 0.201686 | Text: यिनको १ जिन्दगीका स्रोताहरूलाई यो जटिल खाँचोका चीजहरू
Sample 62 | Loss: 0.197657 | Text: शङ्कराचार्यको अद्वैत दर्शनको जाने गर्थिन्
Sample 63 | Loss: 0.206253 | Text: मात्र भयो यसको प्रयोग भारतीय सालमा मात्र प्रकाशित
Sample 64 | Loss: 0.176269 | Text: यो सहर पश्चिमाहरूको विश्वकीर्तिमान राखेका हुन्।
Sample 65 | Loss: 0.205401 | Text: १२७४२ किमि छ सूर्यदेखि सम्बन्धित सबै
Sample 66 | Loss: 0.177319 | Text: सोधिने प्रश्नको आधारमा दरबन्दी नेपाली सेनामा
Sample 67 | Loss: 0.185116 | Text: कौडा नाच नाचेर गरेका समर्थनहरू निकै कुनै समाग्री
Sample 68 | Loss: 0.195730 | Text: छात्रहरूको सङ्ख्या आलु कोदो फापर
Sample 69 | Loss: 0.172433 | Text: हिमवत्खण्डमा यो गोकर्ण जिराफ परिवार
Sample 70 | Loss: 0.168088 | Text: स्ट्रोकबाट जिते उनले पर्वत उद्योग वाणिज्य तथा निर्देशक हुन्
Sample 71 | Loss: 0.156709 | Text: गर्न अनुरोध छ शाहको नामबाट तत्कालीन
Sample 72 | Loss: 0.227607 | Text: छब्बीसौँ नक्षत्रका यिनी वर्षको समयमा एक पारिवारिक मित्र फर्नान्डीज बोर्जेसमा एक प्रमुख प्रभाव बने।
Sample 73 | Loss: 0.185252 | Text: नयाँ गाउँ प्युठान जिल्लामा अवस्थित एउटा गाउँ विकास समिति हो। लागि अधिक स्थान
Sample 74 | Loss: 0.163877 | Text: घुइँचो लाग्ने गर्दछ प्रश्न राख्दा चौतारी विभाजन बनायो
Sample 75 | Loss: 0.267161 | Text: प्रयास गर्नेछु यो विशेष चिया असोजदेखि चैतसम्मको
Sample 76 | Loss: 0.146763 | Text: २०० मिलियन डलरको तर पनि यो
Sample 77 | Loss: 0.197191 | Text: हिमालयन होटल अन्तर्कलह आर्थिक कष्ट
Sample 78 | Loss: 0.242874 | Text: यो विकास बैङ्क हो चेहेरे ठोकर्पा मोटरबाटो सुनकोशी नदीपारी चवन्न सालदेखि सञ्चालनमा आइरहेको छ
Sample 79 | Loss: 0.142529 | Text: आफैँ हटाउनुहोला यसरी यी दुई मान्यता दिएका छैनन्
Sample 80 | Loss: 0.148141 | Text: निकै देखिएको छ मन्दिर छ र विद्यालयको
Sample 81 | Loss: 0.226133 | Text: एक ऐनामा परेको जीरा बोके जीरा
Sample 82 | Loss: 0.132664 | Text: एकर्स स्पेक्ट्रल वर्गीकरणमा ज्योति वर्ग द्वितीय भएको तारा मूर्ख राजकुमारहरूलाई
Sample 83 | Loss: 0.167195 | Text: रहेको स्वत स्पष्ट छ कृषि भए पनि तर यो अतिशयोक्ति हो
Sample 84 | Loss: 0.142313 | Text: गुठी राखिएको छ बौद्धिक शक्ति बढ्ने
Sample 85 | Loss: 0.228749 | Text: दोष बताइएका सिन्धुलीको धार्मिक तथा
Sample 86 | Loss: 0.199131 | Text: पर्नुका साथै दिनहुँ परस्पर विशेषता तत्कालीन बाइसे चौबीसे
Sample 87 | Loss: 0.179975 | Text: उद्देश्यले बनाइन्छ परीक्षण गर्ने
Sample 88 | Loss: 0.207338 | Text: यस सिद्धान्तको विश्लेषण जमाल बनाम मुल्ला दाऊद ऐड कं भएका मामलेमा भएको छ। किसिमका जडिबुटी तथा
Sample 89 | Loss: 0.258766 | Text: ४२ र तराई तथा प्रशासक हुनुहुन्छ नत्थी महिलाले
Sample 90 | Loss: 0.201433 | Text: सूर्यबाट छैटौं ग्रह हो जुन यही शिवरात्रि
Sample 91 | Loss: 0.209442 | Text: २२ अप्रिल १९७०मा चर्चित क्रिकेटर मात्र
Sample 92 | Loss: 0.136912 | Text: मिलियन अस्ट्रेलियाली सेनामा छन् भने केही मृतकले प्रेत बनेर
Sample 93 | Loss: 0.195283 | Text: ३ जुलाई १९६२ चर्चा गरिएको छैन
Sample 94 | Loss: 0.209302 | Text: यसका साथै उहाँले चुनिएका थिए त्यसैले
Sample 95 | Loss: 0.184791 | Text: भाग १ प्रारम्भिक १ प्राचीन भारतको
Sample 96 | Loss: 0.161399 | Text: आएपछि जङ्गबहादुरले सेनाको उनको बारेमा अध्ययन शब्दबाट भएको हो
Sample 97 | Loss: 0.172277 | Text: पल्ट नयाँ टाएरी र गलत छ
Sample 98 | Loss: 0.178194 | Text: गरिबलाई सहायता गर्न त्यससँग नाता जोडे
Sample 99 | Loss: 0.170976 | Text: समयमा एकै शाखा जङ्कोत नेपालको राप्ती
Sample 100 | Loss: 0.191428 | Text: रूपले कटु थिए पर्ने जटापोखरी सदरमुकाम
Sample 101 | Loss: 0.163247 | Text: कन्ठस्वर सन्देशमा पनि यति अधिक किचक राजा विराटको
Sample 102 | Loss: 0.168718 | Text: पुग्न इलामको फिक्कल हरियो रङ्गको बोक्रा कुकुर पाल्न
Sample 103 | Loss: 0.158443 | Text: भारत पाकिस्तान श्रीलङ्का लेखिएको छ तत्
Sample 104 | Loss: 0.302109 | Text: प्रस्ताव परेको थियो मोदी मर्दी काली विजयपुर कोत्रे साद्री काहुँ हर्पन फुस्रे इन्दी आदि
Sample 105 | Loss: 0.160693 | Text: त्यसपछि मात्र जुरे बगेडी नेपालमा
Sample 106 | Loss: 0.212903 | Text: विकास समिति पर्दछ यहाँ क्लिक गरेर
Sample 107 | Loss: 0.175949 | Text: कल्पनाको आंशिक प्रयोग उद्योग एउटा नेपाली विज्ञान सामेल छ
Sample 108 | Loss: 0.193626 | Text: हिन्दू धर्मको प्राचीन ग्रन्थहरूमा पनि किरात शब्दको प्रशस्त मात्रामा उल्लेख भएको पाइन्छ। तर यसबाट शेर्पाहरूको
Sample 109 | Loss: 0.211555 | Text: संस्थाहरू आईएसबीएनको विषयमा विभिन्न मतमतान्तरको
Sample 110 | Loss: 0.223753 | Text: कुटीमा आए फारसी सम्प्रदायका मानिसहरू लासलाई एउटा कुनै अग्लो स्थानमा राख्छन्।
Sample 111 | Loss: 0.173958 | Text: अनसनमा बस्नु भन्दा बजार अवस्थित महेन्द्र
Sample 112 | Loss: 0.160880 | Text: शिक्षण र प्रशिक्षण क्षेत्रमा उनले वुडि औस्टिनलाई
Sample 113 | Loss: 0.129774 | Text: मन्दिर सञ्चालन गर्न एक छोरी छन् समेत छैनस्
Sample 114 | Loss: 0.172084 | Text: सर हरिलाल जेकिसुन्दास कानिया भारतको प्रथम प्रधानन्यायाधीश थिए। माथि उनको विरोधीहरूले
Sample 115 | Loss: 0.168897 | Text: विवाह बन्धनमा बाँधिए महादेव प्रसन्न भई पनि ल्होसारको शुभकामना
Sample 116 | Loss: 0.188709 | Text: शनि र राहु दुबै ग्रह २० पौन्डलाई एउटा
Sample 117 | Loss: 0.182309 | Text: विकास परम्परागत भगवान् शिव प्रकट चिसा देशहरूमा
Sample 118 | Loss: 0.201790 | Text: इलेक्ट्रिसियले तत्काल नै देशको स्थिति र मनोदशा अर्थव्यवस्थाका कारण युवाहरू बेरोजगार हुनु परेको हो।
Sample 119 | Loss: 0.219003 | Text: छ प्रत्येक ३०३० डिग्रीको त्यो निरर्थक हुनजान्छ
Sample 120 | Loss: 0.171947 | Text: ड्रु ब्यारिमोर एक जर्मन अश्लिल चलचित्र अभिनेत्री हुन्। पछि १८ हजार
Sample 121 | Loss: 0.199581 | Text: सकियोस् भन्ने हेतुले नार्गाजुन हार्डवेयर डेकोरेसन सप्लायर्स प्रा लिको पसल अगाडि ठुलो दुर्घटना भयो
Sample 122 | Loss: 0.204789 | Text: मलाई जहाँसम्म लाग्छ जाने ४५ किलोमिटर
Sample 123 | Loss: 0.224000 | Text: छ किनकी यदि १८ रन जोडे
Sample 124 | Loss: 0.209368 | Text: बडो धूमधामसँग बलभद्रको दुर्गम क्षेत्रमा पर्दछ
Sample 125 | Loss: 0.202092 | Text: व्यापारीले त्यसलाई फेरि विश्वभर राफ्टिङ व्यवसायलाई
Sample 126 | Loss: 0.183177 | Text: व्रतालु महिलाले मध्यरात्रिमा राखिने सम्झौता भएको
Sample 127 | Loss: 0.168738 | Text: जग्गाधनीलाई प्रमाणपत्र वितरण चाँडै नै यो घाँस हालिन्
Sample 128 | Loss: 0.194180 | Text: शक्ति पीठको रूपमा यस यस क्याम्पसमा स्नातकदेखि
Sample 129 | Loss: 0.163319 | Text: नाम वाड नं ५ अर्थ हुन्छ यस्तो
Sample 130 | Loss: 0.199292 | Text: आर्थिक कमजोरीमाथि युकेश १४ सेप्टेम्बर २००७ रोहिणी शब्दको अर्थ
Sample 131 | Loss: 0.199594 | Text: आकर्षित भएको छ त्योभन्दा पहिले नै लिङ्कट्री बजारमा आइसकेको थियो
Sample 132 | Loss: 0.245234 | Text: स्कुल जानु पर्थ्यो फेसन पारखी उनी फेसनको क्षेत्रमा एक आइकन थिए
Sample 133 | Loss: 0.218246 | Text: यूएसजेए द्वारा १५० औषधिजन्य जडिबुटी
Sample 134 | Loss: 0.194862 | Text: समान ध्रुवहरूमा परस्पर यस अवधिमा खेलाडीले
Sample 135 | Loss: 0.189322 | Text: पहिले ज्यामितीय र गैरसङ्ख्यात्मक मानिने वर्षौसम्म आफन्तहरूसँग भेटघाट
Sample 136 | Loss: 0.215546 | Text: शिक्षित उपचारिकाहरूको तयार शर्माले दार्जिलिङदेखि
Sample 137 | Loss: 0.217815 | Text: ईर्ष्याले जल्दथे रहनसक्ने सम्भावना रहेको
Sample 138 | Loss: 0.208722 | Text: कालो सारौं इगोर मिनिनको हातमा
Sample 139 | Loss: 0.182108 | Text: अनिश्चित थिए उनलाई रचना सम्भव भयो जनजातिसम्बन्धी
Sample 140 | Loss: 0.200657 | Text: धनुषवाण गधा भाला तपाईँको योगदानको लेखा फर्के र उनी सन्
Sample 141 | Loss: 0.174457 | Text: र मिलिसिया सैनिकको बसोबास दिएका थिए तर हिउँले
Sample 142 | Loss: 0.194140 | Text: पजारु आफ्ना देवीदेवता पितृलाई बालाजुको २२ धारा
Sample 143 | Loss: 0.203974 | Text: अटोटोमी भनिन्छ तर यो सङ्ख्या
Sample 144 | Loss: 0.184900 | Text: भ्रूणलाई प्रतिनीधित्व साथै बधाई पनि
Sample 145 | Loss: 0.200949 | Text: बनाउन सक्ने रहेको छन् यस प्रणालीलाई स्वीकार
Sample 146 | Loss: 0.160679 | Text: वैज्ञानिक कार्ल सेगनको विश्वास छ कि परग्रही जीवनजस्ता जीवाणुहरू पुरा ब्रह्माण्डभरी फैलिएका छन्। लागि एक पट्टी
Sample 147 | Loss: 0.161175 | Text: आठ कक्षासम्मको औपचारिक केली स्टफोर्ड वर्षभरि कुनै न
Sample 148 | Loss: 0.177973 | Text: कर्णाली नदीको संगममा १५ मिटर काठमाडौँको डिल्लीबजारमा घर
Sample 149 | Loss: 0.202508 | Text: संस्थाहरू स्थापना लगाव हुँदैन लेखको
Sample 150 | Loss: 0.193379 | Text: वर्गको राष्ट्रिय दैनिकको उक्त क्षेत्रमा कागको गोपाल पाण्डे
Sample 151 | Loss: 0.212275 | Text: प्रयोगकर्ताको सम्पूर्ण ध्यान आइ्एइए स्थापित
Sample 152 | Loss: 0.217184 | Text: मुसा मार्न सम्पर्क गर्न सकिन्छ
Sample 153 | Loss: 0.144336 | Text: गङ्गा नदीको संगममा एउटा छोरो जन्मियो
Sample 154 | Loss: 0.196350 | Text: कुनै प्रचलन छैन जुटेका छन् बच्चनलाई दोषी पाइएन
Sample 155 | Loss: 0.128114 | Text: च्योदर खयर जातको जातिका भित्र
Sample 156 | Loss: 0.182613 | Text: त्यस्तै कतिपय च्याउहरू गर्न मधुमेह रक्तदोष देख रहेको छ
Sample 157 | Loss: 0.210432 | Text: उहाँको मुख्य एजेन्डा छ संस्थापक अध्यक्ष हुन् आगोमा पोल्ने
Sample 158 | Loss: 0.202666 | Text: तर पनि कति पिताजीको मृत्युपछि उनलाई सबैको अनुमानलाई सही
Sample 159 | Loss: 0.195975 | Text: थुप्रै डकुमेन्ट्री कविता चर्चा कुमारबहादुर चौतारा नगरपालिका
Sample 160 | Loss: 0.187073 | Text: पोषिलो खानाको अभावमा कूटनीतिक नियमहरूको सङ्ग्रह
Sample 161 | Loss: 0.223465 | Text: गरिएको समस्या मोबाइल आइस हकी च्याम्पियनसिप वाला दृश्यमा एउटा
Sample 162 | Loss: 0.212399 | Text: केही साहित्यिक चिन्तन वासु रिमाल यात्रीद्वारा लेखिएको कृति हो। हरेक वर्ष थारु समुदायमा
Sample 163 | Loss: 0.196912 | Text: दुई इन्च गहिरो र सिद्धान्तहरू छन् जैव उपग्रह संचार
Sample 164 | Loss: 0.136968 | Text: जो मित्र सेनाहरूका मध्य भेकमा
Sample 165 | Loss: 0.177987 | Text: उहाँले मनोक्रान्तिको माध्यमबाट स्वतन्त्र गायकको रूपमा प्रबल तर्क दिन
Sample 166 | Loss: 0.210439 | Text: मार्गलाई सजिलै पत्ता ईसाको विरोधी बने हाल यिनी राजनीतिमा
Sample 167 | Loss: 0.144057 | Text: मेरो बाटो क्लियर हुनेछ नोभेम्बर १९३६ मा
Sample 168 | Loss: 0.208525 | Text: सरस्वती जैन हो। जस्तो इलाहाबाद विश्वविद्यालयद्वारा
Sample 169 | Loss: 0.198541 | Text: उनी बोल्दा तथा अभिनेता हुन् वर्षे प्रेमपछि वैवाहिक
Sample 170 | Loss: 0.110101 | Text: यस बाहेक कम त्यस्तामा पनि
Sample 171 | Loss: 0.179311 | Text: बसेको शर खम्पा लगानी तथा उनले
Sample 172 | Loss: 0.186560 | Text: कविले मुद्रिकाद्वारा यसको आफ्नो सेनाको देशको पहाडी क्षेत्र
Sample 173 | Loss: 0.207784 | Text: सामेल गरिएका थिए कम्प्युटरलाई उसले गर्नुपर्ने यो सन् १९४७ को
Sample 174 | Loss: 0.156879 | Text: राष्ट्रपति दिमित्री मेद्भिदेभसँग वार्ता गर्न अगस्टमा उनी रेलमा गएका थिए पेय पदार्थ बनाउनको
Sample 175 | Loss: 0.171320 | Text: यसको कुनै स्रोत त्यसपछि हिन्दी उर्दू
Sample 176 | Loss: 0.156719 | Text: टाढिँदै गएका शेर्पाहरू तामाङ जातिहरूको गोरखा जिल्लाको
Sample 177 | Loss: 0.206313 | Text: अन्तर्राष्ट्रिय क्रिकेट प्रतियोगितामा बाँधिएका जस्ता आफैँ खाने माछा
Sample 178 | Loss: 0.125801 | Text: आक्रमणको शैलीमा विघटन भयो र पृथकतावादी
Sample 179 | Loss: 0.188143 | Text: १७९९ मा स्थापना सावधान तपाईँ
Sample 180 | Loss: 0.255446 | Text: छेउछाउमा चिसो र ओसिलो एसियामा रहेको ठुलो पर्वत श्रेणी साथमा द्यौसुरे आकाशका
Sample 181 | Loss: 0.182126 | Text: ठगेको छैन जित्नु भएको थियो २० मा संयुक्त राष्ट्र
Sample 182 | Loss: 0.165323 | Text: भुवाना ढाँड आर्वाजा नित्य पूजा पढ्दा आफैँ कमाउँथे
Sample 183 | Loss: 0.184313 | Text: पहाडको शिरमा भने उनी नै साहित्य सम्मेलनमा
Sample 184 | Loss: 0.141561 | Text: चासो राख्दै आएका छन् यतिका दिन भन्ने कुराको
Sample 185 | Loss: 0.196214 | Text: अध्ययन सुरु गरे ध्यानमा राखी गुम्बामाथि किन किन मलाई
Sample 186 | Loss: 0.157016 | Text: बैङ्क अफ काठमाण्डु लिमिटेडले नेपालको आर्थिक विकास तथा वित्तीय क्षेत्रमा राम्रो कार्य गरेको छ भने कवीर जादुगर
Sample 187 | Loss: 0.189423 | Text: मान्छेलाई या कुनै यो मान्दछ कि
Sample 188 | Loss: 0.197883 | Text: आदि लेखहरू सम्भाव्य खाने र व्रत
Sample 189 | Loss: 0.184008 | Text: त्यही बेलाको आक्रमणमा भएको भएको थियो
Sample 190 | Loss: 0.223004 | Text: कमिस्नर थिए डुहरे घरमुसो नेपालमा
Sample 191 | Loss: 0.192150 | Text: मस्जिद ए अकसा वन हेर्न र वनसंरक्षणको
Sample 192 | Loss: 0.158829 | Text: नुवाकोट कविलासका कुनै गल्ती देखियो
Sample 193 | Loss: 0.231312 | Text: त्यसैले पहिला गरेको आँकको जराको बोक्रा
Sample 194 | Loss: 0.163947 | Text: युद्धका लागि तयार आफ्नो जीवनको
Sample 195 | Loss: 0.147676 | Text: नेशनल पार्टीले भित्रीकोट नारीकोट उदयपुरकोट
Sample 196 | Loss: 0.177040 | Text: गोकर्णेश्वरको उत्पत्तिबारे एउटा विशेष
Sample 197 | Loss: 0.162704 | Text: उनले जोखाङ्ग मन्दिर भगवतीको प्यागोडा शैलीको
Sample 198 | Loss: 0.185064 | Text: लागिको कामतापुर राज्य पोखरा तथा लेखनाथको पनि स्वागत
Sample 199 | Loss: 0.165477 | Text: एक चर्चित अभिनेता हुन् इस्लाममा केही अन्य
Sample 200 | Loss: 0.212361 | Text: भौगोलिक दृष्टिले अरावलीको पछाडि लेखिने सबभन्दा
Sample 201 | Loss: 0.193195 | Text: उम्टाटा जिल्लाको १९६६ जुलाईमा आकर्षण घट्दैन
Sample 202 | Loss: 0.188309 | Text: हुनु पर्दछ तहल्का मच्चाएको थियो
Sample 203 | Loss: 0.230996 | Text: बालकको स्तुतिबाट प्रसन्न स्थापित राजवंशको
Sample 204 | Loss: 0.175117 | Text: यस मुद्दामा सरकार नेपाल भारत पाकिस्तान
Sample 205 | Loss: 0.189838 | Text: सम्पूर्ण शालिग्राममा मनोरम लागि अमेरिकाको विजय
Sample 206 | Loss: 0.181057 | Text: दिक्सूचकको निर्माण गर्‍यो सम्म पुग्दछ
Sample 207 | Loss: 0.155054 | Text: उनीहरूसमेत कि परपर तर विकीमा अर्काले
Sample 208 | Loss: 0.168320 | Text: केही सहयोग चाहिएमा बताइएअनुसार हाल
Sample 209 | Loss: 0.189105 | Text: ईपू ८५७ ईसा नेपालको पुराना सहरहरूमध्ये एउटा व्यावसायिक सहर हो
Sample 210 | Loss: 0.183367 | Text: विश्वको सबैभन्दा प्रसिद्ध औषधालय धनुषा जिल्लाको सुख दुख आदि
Sample 211 | Loss: 0.188040 | Text: बाँकी राखेन उनी सिङ्गापुरमा
Sample 212 | Loss: 0.172324 | Text: दिए मिर्जा अन्तत एउटा प्रतियोगिता २१ वर्षको उमेरमा खेले
Sample 213 | Loss: 0.133183 | Text: सम्बन्ध राम्रो नभए पनि डर्माटालजी चिकित्साको
Sample 214 | Loss: 0.189030 | Text: उनको दृष्टि हमवात्खंड टुक्रा-टुक्रा परेर छिन्न-छिन्न भइरहेको दयनीय अवस्थातर्फ पुग्यो; उनको ध्यान ती स्वार्थी शासकहरूद्वारा भागबन्डा गरिएको। संस्थाहरूको संरक्षण गर्न
Sample 215 | Loss: 0.161346 | Text: उनै नागराजकी रानी सामूहिक वर्ष मानिन्छ
Sample 216 | Loss: 0.165972 | Text: कालिम्पोङ्ग महकुमा भारतीय राज्य पश्चिम बङ्गालको दार्जीलिङ्ग जिल्ला अन्तर्गतको महकुमा हो ब्रह्माण्ड अनुपूरकका नक्सामा
Sample 217 | Loss: 0.184655 | Text: कसैको परवाह गर्दैनथे भने हामी त्यहाँ कार्यकर्ता भएर भूमिगत
Sample 218 | Loss: 0.171908 | Text: चलचित्र अभिनेत्री तथा पाल्पाको जुठा पौवासित
Sample 219 | Loss: 0.148003 | Text: समेत व्यवस्था गरेका थिए बरू नाकभित्रबाट माथि
Sample 220 | Loss: 0.159568 | Text: पहिले पहिले विदेशी पढेको थिएँ यस्तो सङ्घर्षमा थियो
Sample 221 | Loss: 0.151084 | Text: सबै प्रयोगकर्ताको आपसी कार्यान्वयनको लागि
Sample 222 | Loss: 0.214877 | Text: तर ड्यानीले त्यसको जहाँ छहरा गाविसमा
Sample 223 | Loss: 0.192286 | Text: समय आफ्नो प्रभुत्व एवम् सागरहरूको
Sample 224 | Loss: 0.197101 | Text: चलाई उत्तिकै सफलता कमजोर हुन सक्छ गलत समाचार
Sample 225 | Loss: 0.180958 | Text: गर्न हाइड्रोस्टेटिक सन्तुलनमा जसलाई नेपालीमा नाम दिइएको
Sample 226 | Loss: 0.169295 | Text: अनेक फारसी संस्कृतिबाट जोडिएका चित्रहरूलाई आफ्नो दरबारका देवलहरूमा पनि बनाए। रामप्रसादजीको सन्देश
Sample 227 | Loss: 0.215002 | Text: ठोस ऐतिहासिक नामाकरण रहनुका साथै प्रजातन्त्र
Sample 228 | Loss: 0.118893 | Text: चन्द्रमाले पृथ्वीको परिक्रमा गर्छ म्यागनोलिया वाइन
Sample 229 | Loss: 0.171397 | Text: २०६२ फागुन २ गतेको विशाल उर्वर समतल
Sample 230 | Loss: 0.152068 | Text: पत्रमा यसको गुठीबारे राजा मान्ने कि लिएर पछिल्लो धेरै
Sample 231 | Loss: 0.204698 | Text: गरी राणाहरूको विरोध प्रयोग गर्न सकिने छैन अयोग्यता छ
Sample 232 | Loss: 0.209097 | Text: व्यासमा मिलेको थियो सजिलो हुन्छ तिनीहरूमा काम गर्ने
Sample 233 | Loss: 0.179812 | Text: अचेल पनि तरवारबाजी १७७० मा चेवलियर
Sample 234 | Loss: 0.187759 | Text: १९७० सम्म प्रथम आउँछ र यसको
Sample 235 | Loss: 0.170130 | Text: सन् १९९२ अप्रिलमा कुल मिलाएर औसत
Sample 236 | Loss: 0.265167 | Text: आठ लाख ८३ हजार नेपालको पोखरा बाग्लुङ सडक राजमार्गलाई नेपालका प्रसिद्ध नेपाली आधुनिक कवि भुपी शेरेचनको नाममा नामाङ्कित गरिएको छ
Sample 237 | Loss: 0.172999 | Text: बी २ पि तपाईँको नेपाली ज्ञानकोश
Sample 238 | Loss: 0.198439 | Text: जनगणनासम्म केवल १४ प्रवृत्ति हुन्छ त्यहाँ
Sample 239 | Loss: 0.189045 | Text: फेला परेको छैन केवल उनका त्यसपछिका सबै
Sample 240 | Loss: 0.137939 | Text: गर्नु नै हो सन् १९८९ को जन्मेको त्यो बालक थियो
Sample 241 | Loss: 0.156756 | Text: राज ठाकरे उनका लुनर रोवर विभिन्न किसिमले परिभाषित
Sample 242 | Loss: 0.176286 | Text: पठानकोट भारतका सहरहरू किबोर्ड लेआउट
Sample 243 | Loss: 0.167284 | Text: उनले वरदान स्वरूप बल फालेनन्
Sample 244 | Loss: 0.171321 | Text: क्षेत्रको करिब वर्गकिलोमिटर १३ बुद्धिमानी माछा
Sample 245 | Loss: 0.169036 | Text: ज्यू तपाईँको सुझाव विकाश पुस्तकालय
Sample 246 | Loss: 0.170204 | Text: सन् १८५७ को अन्यमा रोटको
Sample 247 | Loss: 0.162064 | Text: यिनै पक्षहरूलाई सन् १९९५
Sample 248 | Loss: 0.199980 | Text: फरकफरक गीत गाउँछ गरेर स्त्रीको कमरमा
Sample 249 | Loss: 0.202980 | Text: परिपाटी अनेक परिवर्तन दर्शन गर्न नपाएको लगायतका इटालियन र थिएटर
Sample 250 | Loss: 0.220332 | Text: मन बहलाउने भूभागमा पर्दछ
Sample 251 | Loss: 0.154252 | Text: नेकपा एमाले विजयी सात पूर्व मेहेलतोली
Sample 252 | Loss: 0.188924 | Text: त्यति मात्र होइन सक्यौँ भने मतदान ल्याउँदै छ
Sample 253 | Loss: 0.165908 | Text: उपयुक्त उपमाहरूको प्रयोगका यो ठाउँमा ४८३
Sample 254 | Loss: 0.201200 | Text: दुई छोरा व्यक्तिहरु छन् हस्तान्तरण गर्न सकिनेछ
Sample 255 | Loss: 0.191195 | Text: वहाँले लेखेको लेखहरूमा बढाएर हुन्छ र
Sample 256 | Loss: 0.183528 | Text: दृष्टिबिन्दुकै प्रयोग हुन्छ ममाथि रिस
Sample 257 | Loss: 0.192504 | Text: बनाएको अनुमान धेरै गल्ती गरे पृथ्वीनारायण शाहले एकीकरण
Sample 258 | Loss: 0.184733 | Text: पस्न सक्छ कमीहरूलाई पछि बखान गरिएको थियो
Sample 259 | Loss: 0.204393 | Text: सबै सम्झौताहरू सबैभन्दा कलुषित अध्याय
Sample 260 | Loss: 0.198093 | Text: भियतनाममा अस्ट्रेलियाको उपस्थिति भएका निबन्धलाई संस्मरणात्मक
Sample 261 | Loss: 0.150543 | Text: उपचारमा जुटे गोला काट्ने रहेको यो ताल
Sample 262 | Loss: 0.266575 | Text: सैन्य क्षेत्रमा सरकारी समारोहमा भाग
Sample 263 | Loss: 0.212986 | Text: सैन्यदल थियो जन्म २४ फेब्रुअरी २०६२
Sample 264 | Loss: 0.178155 | Text: प्रदेशको मथुरा जिल्लामा बन्ध शब्दमा संस्कृतकै
Sample 265 | Loss: 0.193773 | Text: तस्मानलाई सन् १६४२ को १ अहिंसा महाव्रत
Sample 266 | Loss: 0.180117 | Text: लिएर कतै सोझै जित भयो
Sample 267 | Loss: 0.153284 | Text: राष्ट्रिय जनगणना २०१८ वस्तु बन्यो मध्ये एउटा थियो
Sample 268 | Loss: 0.214810 | Text: के तपाईँ कुनै नेपालको अन्तरिम संविधान यो क्षेत्र
Sample 269 | Loss: 0.176338 | Text: ६५ दिनभित्र फल्दछ हाल उनी सिङ्गापुरका
Sample 270 | Loss: 0.154001 | Text: कसले गरेको छ त्यो कुरालाई चौतारीमा राखेर बिरोध? त्यसको नाश हुनेछ
Sample 271 | Loss: 0.133325 | Text: चुनाव लडेका कारण मुल्तानका एउटा जुलाहे
Sample 272 | Loss: 0.177084 | Text: रङ्गभेदको विषयमा सबैभन्दा अग्लो स्थान अन्तर्गत गाउँ तथा
Sample 273 | Loss: 0.169711 | Text: जहाँ जहाँ पञ्चहरूको आरोहण दलले धौलागिरी हाल चल्तीमा कम
Sample 274 | Loss: 0.178917 | Text: सर्वसाधारण र विदेशी पर्यटक सहकारी तथा
Sample 275 | Loss: 0.185897 | Text: कन्भर्स एन कलर्स बिस्तारै आफ्नो कार्यको विस्तारमा सफल हुँदै आएको छ उत्तानो परिसकेपछि हात
Sample 276 | Loss: 0.220677 | Text: सुरमुनि सब मेरो धारणा छ पहिलो ऐना जोरसँग
Sample 277 | Loss: 0.182199 | Text: युवती खुर्सानीको त्यो कसिएको गठिलो हुन्छ
Sample 278 | Loss: 0.195628 | Text: निबन्धलाई स्वरूपगत वैविध्य लासलाई नदी किनारमा
Sample 279 | Loss: 0.238726 | Text: नदीको चिसो अनि पाटनमा जन्मेका यिनले चीनमा गएर आफ्नो वास्तुकला देखाएका थिए।
Sample 280 | Loss: 0.187124 | Text: कम्पनीहरू पेप्सी ग्याप पेलेलाई आफ्नो खेल लामो दूरीका उपकरणहरूको
Sample 281 | Loss: 0.161582 | Text: निरुता सिंह नेपालको भनेको २७ वर्ष
Sample 282 | Loss: 0.174410 | Text: पृथक् संरचनाका उपन्यास अन्त जूनियर १२ औँ
Sample 283 | Loss: 0.155147 | Text: ठाउँमा मेला लाग्ने गर्दछ पाइएको छैन प्रदान गर्दछ
Sample 284 | Loss: 0.241626 | Text: राखेँ तर तपाईँले नक्सलवादी आन्दोलन दैनिक नित्य पूजाआजा
Sample 285 | Loss: 0.188999 | Text: ससाना राज्य रजौटामा वर्गको विरोधमा
Sample 286 | Loss: 0.184860 | Text: पुरा हुनेछ अब जनसङ्ख्या करिब गर्ने उल्लेख छ
Sample 287 | Loss: 0.139107 | Text: उनको शासनकालमा लिबियाका दशमलव ७४ वर्ग
Sample 288 | Loss: 0.165306 | Text: मान्छेका मनोकाङ्क्षा उनको यश सारा
Sample 289 | Loss: 0.172938 | Text: गाउँ भोको थियो उनले गाएको जीन्दगीको
