Sample 0 | Loss: 0.243326 | Text: त्यसै गरी विश्वको कुनाकुनामा शान्तिको संदेश छरी अमर बन्न पुगेका शान्तिका अग्रदुत गौतम बुद्ध पनि मेरै देशका बासिन्दा हुन्।
Sample 1 | Loss: 0.133819 | Text: श्वेतभैरबी केवल बुट्टाका अस्पष्ट रेखाहरू मोटो खाँडीमा बाकी बचेका थिए तर त्यसमा कति आफ्नोपना ।
Sample 2 | Loss: 0.142071 | Text: हाम्रो देश स्वर्ग झैँ सुन्दर र चद्रमा झैँ चम्किलो छ।
Sample 3 | Loss: 0.215098 | Text: ढोकाको डन्डीको छाया एउटा भुइँमा सोझो, अर्को भित्तामा च्याप्टो र बाङ्गिएको परिरहेको थियो ।
Sample 4 | Loss: 0.171618 | Text: घरघरमा बत्ती निभेका छन्‌ ।
Sample 5 | Loss: 0.276821 | Text: यो सारा नेपालीहरूले आफ्ना मनमा लागेका कुराहरू अरूलाई बताउने माध्यम भाषाका रूपमा पनि रहेको छ।
Sample 6 | Loss: 0.276951 | Text: प्रारम्भमा ग्रामीण जीवनको बाटोमा तै-तै गरेर पाइलो चाल्ने प्रयत्न गर्दा सान्नानीको सहारा नभई हुँदैनथ्यो।
Sample 7 | Loss: 0.178916 | Text: लागि सञ्चारका माध्यमले अहम् भूमिका खेलेको छ, पत्रपत्रिकाको अभावमा व्यक्ति तथा राष्ट्रले राजनीति, खेलकुद, कृषि र अन्य कुराहरू थाहा पाउन सक्दैन ।
Sample 8 | Loss: 0.212619 | Text: जस्तै –हाम्रो सहर हेटौँडा ।
Sample 9 | Loss: 0.191882 | Text: पहिले जो आमाजस्ती भएर मेरो औंलालाई सहारा दिँदै गाउँका आवश्यक वस्तुहरूलाई चिह्नाउँदै हिंड्थी, त्यो पछि-पछि सहचरी भएर गई ।
Sample 10 | Loss: 0.159075 | Text: किशोरले कोठामा एकचोटि दृष्टिपात गर्‍यो ।
Sample 11 | Loss: 0.224862 | Text: यस प्रविधिको युगमा पुस्तकालय विद्या प्राप्त गर्नकालागि एक सजिलो मार्फत हो।
Sample 12 | Loss: 0.234365 | Text: हामी रिस,राग,कपट र छल कहिले गर्दैनौ।
Sample 13 | Loss: 0.251711 | Text: आगामी दिनमा बलिस्टिक क्षेप्यास्त्रसहित थप अस्त्रहरू प्राप्त गर्नका लागि प्रयास गरिरहेको छौँ ।
Sample 14 | Loss: 0.210712 | Text: निष्पट्ट शान्ति छ शहरमा; झन्‌ जाडोले शान्तिलाई जम्मोठजस्तो डल्लो पारेर अडाइदिएको छ ।
Sample 15 | Loss: 0.199767 | Text: पुस्तकालय आज सबै मानिसले पढ्ने गर्छन।
Sample 16 | Loss: 0.215114 | Text: यो हाम्रो स्वास्थकोलागि एकदमै खतरनाक बस्तु हो।
Sample 17 | Loss: 0.205275 | Text: दूध खान मन लाग्दा म आमासँग माग्थे तर छोएर खन्नथे।
Sample 18 | Loss: 0.190762 | Text: बनारसमा म जन्मेँ, त्यहीं हुर्के ।
Sample 19 | Loss: 0.203647 | Text: यस दिन गाई र धनको पूजा गर्ने गरिन्छ।
Sample 20 | Loss: 0.175973 | Text: त्यो दिन उहाँ दिशाको आविष्कार गरे र त्यसैले हामीले आज दिशा हेर्न सफल भएका छौ।
Sample 21 | Loss: 0.121999 | Text: उक्त महत्त्वलाई बुझ्दा बुझ्दै पनि बढ्दो जनसंख्याको कारणले दिन प्रतिदिन जंगलको विनाश भइरहेको पाइन्छ।
Sample 22 | Loss: 0.232572 | Text: मन्त्रीहरू र अरू ठूला-ठूला कर्मचारीहरू सरकारी आवासस्थानहरूमा; पसले, जागीरिया, कृषक, गरीब, मध्यवित्तीय तथा धनी व्यक्तिहरू छन् ।
Sample 23 | Loss: 0.233954 | Text: हामीले यसमा रहेको अर्थपूर्ण ज्ञानलाई मनले धारण गर्न सक्यो भने लक्ष्य र आकाङ्क्षा प्राप्त गर्न सक्छौ।
Sample 24 | Loss: 0.226153 | Text: तिहार हाम्रा चाडहरू मध्येको एक महत्त्वपूर्ण चाड हो।
Sample 25 | Loss: 0.132264 | Text: दूबो पनि छ, तर खोइ, त्यो कम्पनीको बगैंचाको संयम यिनीहरूमा ? खोइ, त्यो सुसंस्कृत, सुव्यवस्थित रचना यिनीहरूको ?
Sample 26 | Loss: 0.274902 | Text: हामी त्यहाँ गयौं ।
Sample 27 | Loss: 0.197278 | Text: हामी वृक्ष वनस्पतिलाई पनि उनीहरूको उपकार सम्झी श्रद्धा गर्छौं।
Sample 28 | Loss: 0.277262 | Text: देशको भौतिक अवस्थालाई विपन्नताबाट सम्पन्नतातर्फ, नराम्रो अवस्थाबाट राम्रो अवस्थातर्फ, यथास्थितिबाट उन्नतितर्फ लैजानुलाई देश विकास भनिन्छ।
Sample 29 | Loss: 0.249466 | Text: फर्जी बिल बनाएर समेत इन्धनमा आर्थिक अनियमितता हुने गरेको ती कर्मचारीले बताए ।
Sample 30 | Loss: 0.258060 | Text: त्यस्ता वर्गहरूका लागि पनि योग्यता, क्षेमता, रुचि र दक्षता अनुसारका तालिम, रोजगार र कामको व्यवस्था गरी तिनको मनोबल बढाएमा तिनले पनि देश-विकासको होस्टेमा हैसे गर्न पुग्दछन् ।
Sample 31 | Loss: 0.145197 | Text: हामी नेपाली विर गोर्खाली रगतले हार मान्दैनौ र गौतम बुद्धको शिक्षालाई चारै तर्फ बाढ्छौ।
Sample 32 | Loss: 0.273551 | Text: जीवनचक्रमा हरेक व्यक्ति एकपल्ट युवावस्थामा पुग्दछ र ऊ व्यक्तिगत रूपमा कुनै पद वा ओहदामा बसेर वा नबसेरै भए पनि राष्ट्रिय विकासको पुनीत महायज्ञमा सरिक भएकै हुन्छ।
Sample 33 | Loss: 0.290314 | Text: यसमा एउटा वायु निवास गर्छ, त्यसो हुनाले गाउँलेहरू मनौती मान्दै यसमा फलामका कीलाहरू गाड्छन्‌ ।
Sample 34 | Loss: 0.249703 | Text: यसबारेमा कार्यवाहक नगरप्रमुख प्रविन र प्रमुख प्रशासकीय अधिकृत विनयकुमार सोनु सम्पर्कमा आउन चाहेनन् ।
Sample 35 | Loss: 0.245303 | Text: यो कारणले हामी प्रसन्न वा अन्यलाई प्रभाव पार्नको लागि जन्मिएको छैन र हामी कहिल्यै पनि गर्न सक्दैनौं।
Sample 36 | Loss: 0.216779 | Text: अनेकौँ मुहानबाट निस्केका पवित्र नदि जस्तै यहाँ अनेकौँ परम्परा र मान्यता छन्।
Sample 37 | Loss: 0.246538 | Text: यदि हामीले आफ्नो अधिकार पाएनौ भने काटमार, हडताल आदि सुरु गर्न थाल्छौ तर आफ्नो दायित्व भने पुरा गर्दैनौं।
Sample 38 | Loss: 0.143194 | Text: कसैले कारखानामा बेच्छन् त कसैले होटेलमा बेचिदिन्छन् ।
Sample 39 | Loss: 0.191799 | Text: अस्ट्रेलियाले एक इरानी व्यवसाय र तीन जना इरानी नागरिकमाथि प्रतिबन्ध लगाएको जनाउँदै उनले कुरा रखे।
Sample 40 | Loss: 0.210557 | Text: अनेकौ मन्दिर, गुम्बा, स्तुपा, कलाकृति आदिले पनि मेरो देशलाई सिगारेका छन् र विश्वमै चिनाएका छन्।
Sample 41 | Loss: 0.135242 | Text: यस दिन लक्ष्मीलाई खुसी पार्न सकियो भने घरमा सधैँ लक्ष्मीको बास हुन्छ भन्ने विश्वास पनि सबै हिन्दूहरूमा रहेको पाइन्छ।
Sample 42 | Loss: 0.265924 | Text: समाज तथा व्यक्तिको उन्नति नहुने भएकाले यस क्षेत्रमा पनि अनुशासनको महत्त्व टडकारोको रुपमा खट्किन्छ, त्यसै गरी सरकारी तथा गैरसरकारी कार्यालयमा पनि जरुरी छ ।
Sample 43 | Loss: 0.245651 | Text: राधा कस्ती सरल बालिका जस्ती थिई, उसको गोल-गोल अनुहारमा अझै बालिकाको स्निग्धता बाँकी नै थियो- तर आमा पनि हुन लागेकी थिई अब त्यो ।
Sample 44 | Loss: 0.150886 | Text: शरीर स्वस्थ भएपछि मानिसले धेरै काम गर्न सक्छ।
Sample 45 | Loss: 0.185902 | Text: बैनी बडो उत्साही बालिका थिई ।
Sample 46 | Loss: 0.148180 | Text: जसलाई वास्तविकताको बोध पाउन म बारम्बार हातले छोइरहन्छु र बीचबीचमा जसमा व्यथित हृदयले टाँस्टिन पुग्छु ।
Sample 47 | Loss: 0.181689 | Text: आमा त भन्थिन्‌- गाउँको पाठशालामै कौमुदी पढाए भइहाल्थ्यो नि ।
Sample 48 | Loss: 0.157767 | Text: भैंसवार ठिटो पछर्वारेया धारमा भैंसीलाई नुहाउन गएको थियो, हामी दुबैले दुईचोटि कोशीको धारलाई पार गर्यौं ।
Sample 49 | Loss: 0.250290 | Text: देशको निर्माणमा र उन्नतिमा समाजको ठुलो योगदान रहेको छ भन्ने कुरा प्रत्यक नागरिकले दिलदिमागले बुझ्नुपर्छ।
Sample 50 | Loss: 0.169546 | Text: कसैमा पहाड चढ्ने तीव्र चाहना हुन्छ भने कसैलाई पहाड चढ्ने कुरा सुन्ने बित्तिकै ज्वरो आउँछ।
Sample 51 | Loss: 0.177891 | Text: धनी मान्छे नै अहिले अगाडि हुन्छन् र बिभिन्न नराम्रा काम गुस दिएर गराउँछन्।
Sample 52 | Loss: 0.192923 | Text: नरनारी सबै, बालक, विद्यार्थी, ज्यामी, कामी, आफ्ना-आफ्ना घरमा-सर्वहारा पाटीका सत्तलमा जहाँ मुन्टो घुसार्ने ठाउँ पाए त्यहीं- सबै सुतेका थिए ।
Sample 53 | Loss: 0.298396 | Text: परिवार र समाजको समुचित माया र स्नेह नपाएका वा आवश्कताभन्दा बढी माया र स्नेहले पुल्पुलिएका बालकहरू जब युवा बन्छन् तीमध्ये पनि केही विकृति-विसंगतितर्फ लागेका हुन्छन्।
Sample 54 | Loss: 0.222085 | Text: बम फ्याँक्दा किशोरले मनमा निस्सङ्ग भएर विश्वास गरेको थियो कि त्यसको यो कार्य अनिवार्य छ ।
Sample 55 | Loss: 0.205259 | Text: राधा लाजले भुतुक्क भएकी थिई ।
Sample 56 | Loss: 0.134309 | Text: सिँचाइको लागि पनि बर्सा हुनु जरुरी छ।
Sample 57 | Loss: 0.147882 | Text: त्यसै कारणले हामीले आफ्नो दायित्वलाई पुरा गर्नुपर्छ।
Sample 58 | Loss: 0.205210 | Text: सैनिकले शस्त्रास्त्रले सुसज्जित भएर राष्ट्रिय अखण्डताको पहरेदारको भूमिका निर्वाह गरेका हुन्छन्।
Sample 59 | Loss: 0.175662 | Text: पछिल्लो समय पालिकाले तोकआदेशमै दश जनालाई दैनिक ज्यालादारी कर्मचारीको रूपमा नियुक्त गरेको थियो।
Sample 60 | Loss: 0.139392 | Text: यस्तो हुन सक्यो भने गाउँका मानिसले बिस्तारै त्यहाँ भएका पुस्तकहरु पढ्न थाल्छन र केहि ज्ञान प्राप्त गर्छन।
Sample 61 | Loss: 0.162450 | Text: रुसले इरानलाई दिने सैन्य सहयोग बढ्नेमा अमेरिका र बेलायत सहमत रहेका उनले बताए ।
Sample 62 | Loss: 0.141737 | Text: थुनिएपछि उसले सुन्यो कि राधाले छोरो नै पाई ।
Sample 63 | Loss: 0.134307 | Text: हामी उनीहरूलाई छिमेकी, मित्र र आफन्तलाई प्रभाव पार्न चाहन्छौं।
Sample 64 | Loss: 0.136303 | Text: यसको कारणले हाम्रो देश नदीको गतिमा विकासमा लाग्ला।
Sample 65 | Loss: 0.208988 | Text: ‘इन्धनमा त मनलाग्दी खर्च छ,’ पालिकाका एक कर्मचारीले भने, ‘पालिकाको सवारी साधनभन्दा आफन्त र नजिकका मान्छेलाई दिइने इन्धन बढी छ ।
Sample 66 | Loss: 0.116405 | Text: यो बिरानो घरमा उ पनि चुप लागेर बसिरहन्थी र केही सोध्यो भने आफ्ना ठूला-ठूला आँखा उठाएर हेर्थी ।
Sample 67 | Loss: 0.202617 | Text: कस्तो अनुद्धिगन छ उसको मन- एकदम भावनाशून्य भएको छ उसको हृदय- धोइएर, पुछिएर चोखो ।
Sample 68 | Loss: 0.221974 | Text: साहोडको भ्याङ जसबाट राम्रा-राम्रा दतिउन काटिन्छन्‌, बकाइनो जो नीमको रूख होइन, पटेर र झाडका जङ्गल जो कोशीका दुवै किनारामा छन्‌।
Sample 69 | Loss: 0.152124 | Text: यसको गौरव हामी सबै गौरव हो।
Sample 70 | Loss: 0.139984 | Text: हामी नेपालीले आफ्नो ज्ञानले सबैलाई पवित्र बनाउनुपर्छ।
Sample 71 | Loss: 0.201702 | Text: आज यो आधुनिक युगमा मानिस आफ्नो स्वार्थ र कमाउनको लागि अरुलाई मार्ने काम गरछन् ।
Sample 72 | Loss: 0.196673 | Text: नेपाली सर्वप्रथम पुस्तकालयको निर्माणमा अगाडि बढाउने मान्छे जोन उड हुन्।
Sample 73 | Loss: 0.119354 | Text: यस चाडमा गरिने पूजा र हरेक क्रियाकलापले हामीलाई सत्मार्ग लाग्ने प्रेरणा दिन्छन्।
Sample 74 | Loss: 0.138934 | Text: हाम्रो देश नेपालमा दश प्रतिशत व्यापारीले पनि राम्ररी कर तिर्दैनन् र यसको परिणाम पनि हामीले नै भोग्ने गर्छौ।
Sample 75 | Loss: 0.141507 | Text: कार्तिक कृष्णपक्षको त्रयोदशी तिथिका सुनसान अँधेरी रातमा घन्किएको मेरो चिच्याहाट सुनेर छिमेकीहरूलाई साथ दिइरहेकी एकछिनका लागि बेपत्ता भएकी थिइन।
Sample 76 | Loss: 0.146388 | Text: ति बिचरा साँच्चैका अवसर बाट वन्चित र अशिक्षित नारी को त्यहा उपस्थिती हुनेछ / भएको छ ।
Sample 77 | Loss: 0.173282 | Text: कति विश्वास र भरको ढुकुटी लिएर मेरा लागि बसिरहेका थिए ती उड्न लागेका राता-काला बुट्टाहरू ।
Sample 78 | Loss: 0.281706 | Text: यो ठूलो रूख पाकडको रूख हो ।
Sample 79 | Loss: 0.265627 | Text: अनि अङ्ग्रेजी पनि पढ्न थाली- ए. बी. सी. डी.!
Sample 80 | Loss: 0.192993 | Text: प्रहरीसेवा र सेनामा त् अनुशासन नभई हुँदैन, तसैले यी क्षेत्रमा अनुशासनको कडाइक साथ पालना गरिन्छ, यी विभिन्न क्षेत्रमा अनुशासनको पालना नहुने हो ।
Sample 81 | Loss: 0.177130 | Text: एसियाका दुई ठुलो राष्ट्र भारत र चीनको बिचमा रहेको मेरो देश नेपाल रहेको छ।
Sample 82 | Loss: 0.142611 | Text: कहिले पैसा चोरेको कारणले झगडा गर्छन र कहिले उटपटयाङ काम गर्ने गरछन्।
Sample 83 | Loss: 0.281180 | Text: तर उ यति सानी थिई कि केके कुरा गर्ने उसँग ?
Sample 84 | Loss: 0.251562 | Text: किशोर फेरि एक्लै भयो कोठामा ।
Sample 85 | Loss: 0.202717 | Text: उस दिन खास गरी गाई-गोरुका गोबरबाट पहाड जस्तो बनाई त्यसैलाई गोवर्धन पर्वत मानेर पूजा गर्ने गरिन्छ।
Sample 86 | Loss: 0.204557 | Text: मेरो देश मेरो लागि गौरव हो किनकि यहाँ बार्है महिना बग्ने खोला-नाला छन् भने शान्तिको चिन्ह गौतम बुद्धको जन्मस्थल हो।
Sample 87 | Loss: 0.256937 | Text: संसारका धेरै मानिसहरू निरन्तर पर्वतारोहण गरीरहन्छन।
Sample 88 | Loss: 0.128870 | Text: बनारसको पसल यहाँ कहाँ ? मिश्ची, छोहोरा, नरिवलका टुक्रा, राता, हरिया र काला रङ्गका मोटा- मोटा चुराहरू मात्र थिए त्यसको पसलमा ।
Sample 89 | Loss: 0.209116 | Text: धनकी देवी लक्ष्मीले कृपा गरिन् भने भइन्छ भन्ने विश्वास सबै हिन्दूहरूमा रहेको छ।
Sample 90 | Loss: 0.309930 | Text: जस्तै-प्रिथिवी नारायण शाह,बलभद्र कुँवर आदि।
Sample 91 | Loss: 0.291687 | Text: नेपाल गरिब मुलुक हो तर वनमा धनी छ।
Sample 92 | Loss: 0.279458 | Text: एक दिन उसले दुलहीलाई भन्यो साँझतिर- राधा !
Sample 93 | Loss: 0.223520 | Text: अझै हाम्रो समाजमा हाम्रो राम्रो परम्परा र संस्कृतिलाई भुलेर पराइको संस्कृतिलाई आँखा चिम्लेर पचाउने केही छन्।
Sample 94 | Loss: 0.135927 | Text: सरकारले देशलाई हाम्रै पैसाले चलाउँछन्।
Sample 95 | Loss: 0.216143 | Text: भ्रस्टाचार समाजको अर्को समस्यो हो।
Sample 96 | Loss: 0.191373 | Text: देहातको बिराट्‌ शून्यताको स्वयं एउटा हिस्सा भएर मेरो कलिलो हृदयलाई कनै सान्त्वना दिँदैन ।
Sample 97 | Loss: 0.192139 | Text: विश्वमा नेपाललाई चिन्नेले हामी नेपालीलाई पनि चिन्दछ।
Sample 98 | Loss: 0.117889 | Text: यस देशलाई सबैले आफ्नो साझा फूलबारी भनेका छन् र सबैले यसको हेरचाह पनि गरेकै छन्।
Sample 99 | Loss: 0.154003 | Text: यहाँको यो ह्वाङ्ग खुला विराटतामा जसमा आधारका लागि केही कुरा पाइँदैन- दृष्टिसम्म कहीं अड्किन पाउँदैन, हराइएला जस्तो भय हुन्छ ।
Sample 100 | Loss: 0.243683 | Text: “असम्भव भन्ने कुरो मूर्खहरूका शब्दकोशमा मात्र हुन्छ” भन्ने नेपोलियनको भनाइ पृथ्वीनारायणको जीवनमा पनि चरितार्थ भयो।
Sample 101 | Loss: 0.142647 | Text: जसमा अनेकानेक रङ्गका फूलका बिरुवाहरू सजाइएका छन्‌, सानो हावामा पनि चञ्चल भएर शिर हल्लाउन थाल्छन्‌ मानौं उत्साहको लहर तिनीहरूमा फैलिन पुगेको छ ।
Sample 102 | Loss: 0.239870 | Text: सोह्र मध्ये पाँच वटा ल्वाइड कम्पनिको, एउटा एलजी तथा दश वटा पानासोनिक कम्पनिको छ ।
Sample 103 | Loss: 0.217932 | Text: त्यो धारमा धेरै किसिमका माछा पाइन्छन्‌- रोहु, बुहारी, कतला, काँटी, सिंगी, मुंगरी, बामी ।
Sample 104 | Loss: 0.214676 | Text: मैले भोलिपल्ट त्यही दिएर उसका प्रति आफ्नो आदर र कृतज्ञता ज्ञापन गर्न चाहेँ ।
Sample 105 | Loss: 0.243226 | Text: विलासिताको साधनमा गणना हुने एसी खरिद गर्न पनि नगरपालिकाले अठार लाख रुपैयाँभन्दा बढी खर्च गरेको छ ।
Sample 106 | Loss: 0.144993 | Text: इज्जत थुपार्छ यसले हामी सबैको ।
Sample 107 | Loss: 0.212644 | Text: लक्ष्मीपूजाकै दिन नेपाली भाषा र साहित्यका शिखर पुरुष लक्ष्मी प्रसाद देवकोटाको पनि जन्मजयन्ती पर्ने भएकोले यस दिन वा यसकै वरपरका दिनमा हाम्रो देश ।
Sample 108 | Loss: 0.147171 | Text: म पनि ठूलो हुन्छु- धेरै पढ्छु ।
Sample 109 | Loss: 0.218505 | Text: यहाँको वायु पनि त्यस्तै निर्गन्ध, काशीको हावामा नाना किसिमका गन्ध लादिया हुन्थे, नाला-पनालाको गन्ध,
Sample 110 | Loss: 0.227902 | Text: उसले विदेशमा पनि कलेजमा पढ्ने विद्यार्थीहरूको एउटा संघ बनाएको थियो जहाँ नाना बिषयमा छलफल हुन्थे- प्रजातन्त्र; मार्क्सवाद; स्वतन्त्रता; समाज र व्यक्ति आदि विषयहरूमा ।
Sample 111 | Loss: 0.212622 | Text: अनि एकछिनपछि त्यसै लहडमा सोधेको जस्तो गरी किशोरले भन्यो- तिमीलाई पहिलो सन्तान छोरा कि छोरी, के मन पर्छ !
Sample 112 | Loss: 0.224762 | Text: जल-सम्पदाका हिसाबले मेरो देश विश्वकै ब्राजिलपछि दोस्रो जलधानी देश र एसिया महादेशमा पहिलो जलधनी देशका रुपमा चिनिन्छ।
Sample 113 | Loss: 0.189195 | Text: धेरैजसो व्यक्तिहरूले पर्वतारोहणमा नयाँ कीर्तिमान कायम गरेर आफ्नो नाम पनि खाँसै राखेकै छन्।
Sample 114 | Loss: 0.185762 | Text: यस्ता चलनको कारणले गरिब घरका छोरीहरुको बेहे भइरहेको छैन।
Sample 115 | Loss: 0.139792 | Text: हामीहरू कुद्दै पुग्यौं नजरियाकहाँ ।
Sample 116 | Loss: 0.194341 | Text: उपत्यकाका राजाका सहयोगमा आएको अंग्रेज सरदार किनलोकलाई उनले सिन्धुलीमाडीमै धूलो चटाएर लखेटिदिए; ।
Sample 117 | Loss: 0.248403 | Text: यी हामी सबै नेपालीको प्यारो देश हो र यसलाई हामीले आफ्नो प्राणभन्दा प्यारो ठानेका छौँ।
Sample 118 | Loss: 0.151081 | Text: कतिपय त् यसलाई पेसाकै रूपमा पनि अँगालेको पाइन्छ।
Sample 119 | Loss: 0.178024 | Text: तर यो प्राय अविकसित गाउँहरुमा गर्ने चलन हो।
Sample 120 | Loss: 0.168647 | Text: ती मध्ये एक खतरनाक र अहिले बढी मात्रामा चलिरहेको समस्या लागु पदार्थ हुन्।
Sample 121 | Loss: 0.162763 | Text: गङ्गाजीपारिको बालुवाको गन्धले भरिएको विचित्र आत्मीयताको न्यानो लिएर बग्ने बनारसको हावा यहाँ छैन ।
Sample 122 | Loss: 0.225521 | Text: पुस्तकालय एक मन्दिरका रुपमा लिइन सकिन्छ किनभने एसले हामीलाई सचाई र सत्य बाटोमा लाउन सक्छ,यदि तिमीले यसमा भएको ज्ञानलाई सही उपयोग गर्यो भने।
Sample 123 | Loss: 0.223178 | Text: त्यसैले हामीले गाउँलाई सहरमा परिवर्तन गर्नु छन् भने सरकारी पुस्तकालय बनाउन सरकार संग माग गर्नुपर्छ।
Sample 124 | Loss: 0.122367 | Text: यस देशलाई सबैले आफ्नो साझा फूलबारी बनेका छन् र सबैले यसको हेरचाह पनि गरेकै छन्।
Sample 125 | Loss: 0.194685 | Text: काजलको आकाशमा एकनाससँग सलमा सितारा झल्केका हेरिदिने कोही छैन ।
Sample 126 | Loss: 0.239851 | Text: मानिसले स्वतन्त्रता पाएमा जे पनि गर्न सक्छन्, मानिसले चाहेको हरेक कुरा स्वतन्त्रता पछि पाउन सक्छन्।
Sample 127 | Loss: 0.244130 | Text: हत्केलाले मुख र नाकलाई पुछ्दै स्वाँ... स्वाँ गर्दै उसले भनी- म पर्छ्वारेया (पश्चिमपट्टिको) धारमा नुहाइरहेकी थिएँ ।
Sample 128 | Loss: 0.172504 | Text: त्यस्तै नेपाली संस्कृति सबै नेपालको समुन्नति चाहने साझा भावना हो।
Sample 129 | Loss: 0.141965 | Text: पश्चिमपट्टि एउटा ठूलो धूपीको रूख थियो ।
Sample 130 | Loss: 0.190249 | Text: त्यस कारणले हामीले सक्ने काम गरेर देशको अवस्थालाई अझ गतिलो बनाउनुपर्छ।
Sample 131 | Loss: 0.141372 | Text: नेपाली संस्कृतिमा केही विकृतिहरू पनि रहेको छ।
Sample 132 | Loss: 0.133807 | Text: पुस्तकालयले हाम्रो जीवनलाई अर्थ दिने गर्छन।
Sample 133 | Loss: 0.157860 | Text: नेपालमा एक पछि एक वीरहरूको जन्म भएको छ।
Sample 134 | Loss: 0.219543 | Text: सो वैवाहिक सम्बन्धमा समस्या बल्झेपछि बनारसका राजपूत अभिमानसिंहकी छोरी नरेन्द्रलक्ष्मीसँग बिहे गरेका थिए।
Sample 135 | Loss: 0.169884 | Text: मानिसको जीवनमा सबैभन्दा सुखको क्षण यसको बाल्यकाल नै रहेछ भन्ने कुरा मैले अहिले आएर थाहा पाए।
Sample 136 | Loss: 0.241669 | Text: वातावरण सुधार गर्नका लागि क्रियाकलापहरू बढाउन र महत्त्वपूर्ण रूपमा आफ्ना प्रियजनहरूसँग गुणस्तरको समय खर्च गर्छन्।
Sample 137 | Loss: 0.156915 | Text: नजरियाको एउटा सानो छाप्रो मात्र थियो ।
Sample 138 | Loss: 0.239315 | Text: यदि प्रकृति अनुशासनमा रहेन भने मानवजीवनको अस्तित्व नै संकटमा पर्दछ, प्रकृतिमा पाइने यस्तो अनुशासन मानिसका लागि प्रेरणादायी बनेको छ।
Sample 139 | Loss: 0.220736 | Text: यदि आमाले बोलेको नसुनेको भए यो ध्वनिहीन लोकमा त्यसै प्राणान्त हुने थियो ।
Sample 140 | Loss: 0.159146 | Text: नेपाली संस्कृतिमा केही विकृतिहरू पनि रहेको छ।
Sample 141 | Loss: 0.239395 | Text: यसलाई कम नगरेसम्म जस्तोसुकै व्यवस्था आए पनि र जोसुकैको नेतृत्व भए पनि देश अगाडि बढ्दैन  सामान्य रुपमा भ्रस्टाचार भनेको घुस लेने वा दिने हो।
Sample 142 | Loss: 0.173137 | Text: जंगल जंगली जनावर, पक्षीहरूको आरक्षण पनि हो।
Sample 143 | Loss: 0.238231 | Text: तृण, तरु, लता, गुल्मी साराका सारा बर्बर, असंयम बाढमा हुर्केका छन्‌ ।
Sample 144 | Loss: 0.158113 | Text: उहाँ बाल्यकालमा पढाईमा कमजोर थिए तर उहाँलाई गणित र विज्ञानमा रुची थियो।
Sample 145 | Loss: 0.252986 | Text: आधुनिक युगमा पत्रपत्रिकाले खेल्ने भूमिका ज्यादै प्रभावकारी देखिन्छ, अहिले पत्रपत्रिका विना कुनै पनि क्षेत्रको विकास हुन् सम्भव छैन, ।
Sample 146 | Loss: 0.135128 | Text: नारी सम्बन्धित अप्रिय घटनाहरु को नब्बे प्रतिशत कारण नारी शिक्षाको कमी र नारी चेतनाको कमीले नै हुन्छ्न।
Sample 147 | Loss: 0.134553 | Text: गत वैशाख तिस मा सम्पन्न स्थानीय तहको निर्वाचनवाट निर्वाचित नगरप्रमुख भीमराज यादवमाथि।
Sample 148 | Loss: 0.131840 | Text: नेपाली भाषा नेपालको राष्ट्रभाषा हो।
Sample 149 | Loss: 0.199015 | Text: गरिब र असहायलाई हेप्ने, नोकर बनाउने सामन्तवादी सोचबाट मुक्त भएको छैन।
Sample 150 | Loss: 0.130228 | Text: पढाइ सुरु गरेपछि मैले आफ्नो खेल्ने समयमा कटौती गरी त्यसलाई पढाइमै लगानी गरे।
Sample 151 | Loss: 0.250612 | Text: घर फर्किदा- लुगामा धूलो, हिलो, कानमा कनेलको सेतो, पहेँलो फूल, हातमा झाडका पातला सिरकना र अमरबेलीको पहेँलो लहरा।
Sample 152 | Loss: 0.223468 | Text: यहाका मनमोहक प्राकृतिक दृश्य हेर्न पाउँदा विदेशी पर्यटकहरुको मन निकै आनन्दित हुन्छ।
Sample 153 | Loss: 0.124116 | Text: म जंगलबाट यी फलफूलहरू घरमा ल्याउथे अनि भोलिपल्ट बिद्यालय लिएर जान्थे र आफ्ना साथीहरूलाई दिन्थे।
Sample 154 | Loss: 0.230044 | Text: काशीको मुख्य क्रा हो, त्यहाँका ढुङ्गा, पत्थर जो यहाँ आएर मेरो बालक मनमा तीक्ष्ण अनुभवको रूपमा बारम्बार प्रकट।
Sample 155 | Loss: 0.177481 | Text: विसर्जन वाक्य त केही भन्नैपर्छ ।
Sample 156 | Loss: 0.210933 | Text: युक्रेनविरुद्ध प्रयोग गर्न रुसलाई ड्रोनहरू आपूर्ति गरेको भन्दै अस्ट्रेलियाले एक व्यवसाय र तीनजना इरानी नागरिकलाई प्रतिबन्धको घोषणा गरेको छ ।
Sample 157 | Loss: 0.129469 | Text: आज हरेक स्कुलमा पुस्तकालय ।
Sample 158 | Loss: 0.199779 | Text: फूलबारीमा सयपत्री, गुलाफ, कमल, कमल,बेली, चमेली, जाई,जुही आदि हुन्छन्।
Sample 159 | Loss: 0.138950 | Text: अरू जाडाका रात्रिसरह नै त्यो रात्रि पनि थियो । जीवनको कार्यरतता एकदम थामिएर अडेको मानौं तमाम विश्व स्पन्दनहीन भएको छ ।
Sample 160 | Loss: 0.252393 | Text: यस दिन साँझपाखदेखि नै घर, गोठ, जताततै बत्ती बालेर झिलिमिली पारिने हुनाले यस दिनलाई तिहारको महत्त्वपूर्ण दिन मानिन्छ।
Sample 161 | Loss: 0.133826 | Text: किनभने बाढी र पहिरोलाई रोक्ने गर्छ।
Sample 162 | Loss: 0.129974 | Text: गर्मी र जाडो मौसम पनि नियमनुसार नै आउँछन्।
Sample 163 | Loss: 0.130969 | Text: बिहे गरेर जब उसले एउटी सानी केटीलाई घर लिएर आयो, उसलाई लाग्यो, उसलाई म आफ्नो रूपमा ढाल्छु ।
Sample 164 | Loss: 0.132833 | Text: भने स्थिति डरलाग्दो गम्भीर हुन् गई मानवजीवन नै अस्तव्यस्त बन्न पुग्दछ, बिद्यार्थी जीवनमा अनुशासनको ज्यादै महत्त्व रहन्छ, अनुशासनईन बिद्यार्थीको ।
Sample 165 | Loss: 0.149975 | Text: गोसाईस्थान एउटा बाबाजीको अखडा थियो ।
Sample 166 | Loss: 0.257374 | Text: उनले राष्ट्रियताको सुदृढ स्तम्भ उभ्याउँदै नेपाल आमाको छिया-छिया परेको मुहारलाई मुस्कान भरेका हुन् र उनको मलिन अनुहारमा खुसीको प्रकाश छरेका हुन्।
Sample 167 | Loss: 0.244058 | Text: यस दिन गोरुका अतिरिक्त खेतीपातीका लागि नभई नहुने हलो, जुवा आदि जस्ता साधनहरूको पनि पूजा गर्ने प्रचलन छ।
Sample 168 | Loss: 0.194667 | Text: त्यसै गरी यहाँक वराह क्षेत्र, मुक्तिक्षेत्र र गोसाइँकुण्ड जस्ता ठाउँहरु पवित्र तीर्थस्थल मानिन्छन।
Sample 169 | Loss: 0.134634 | Text: करार र दैनिक ज्यालादारीका कर्मचारीको भारका कारण आर्थिक ब्ययभार बेर्होनु परिरहेको पालिकाले इन्धनमा गरेको भुक्तानी अत्याधिक छ ।
Sample 170 | Loss: 0.123010 | Text: वासिङ्टन, किभ — अमेरिकाले इरानले रुसका लागि प्रमुख सैन्य सहयोगीका रूपमा भूमिका निर्वाह गरिरहेको दाबी गरेको छ ।
Sample 171 | Loss: 0.135203 | Text: उसले भनेको थियो टाउको हल्लाएर- केही खान मन छैन ।
Sample 172 | Loss: 0.124581 | Text: जवानीले नछाडेका र बुढ्याइँले नछोएका युवा-युवतीहरूको समुदायले नै देश विकास जस्तो गुरुतर जिम्मेवारीलाई सहजतासाथ वहन गर्न सक्दछ।
Sample 173 | Loss: 0.127566 | Text: मन टुहरो हुन्छ, घबडाहटले आमाकहाँ टाँस्सन पुग्छ, त्यो भयभीत बालक ।
Sample 174 | Loss: 0.165536 | Text: सरकारले पनि नङ्गा पाखा, डाहामा वृक्षारोपण गरेको छ।
Sample 175 | Loss: 0.128394 | Text: तर हत्याका लागि होइन, चेतावनीका लागि कि युवकलाई स्थिति असैध्य हुन लागिरहेको छ ।
Sample 176 | Loss: 0.151471 | Text: रूखा, साना-साना जर्घ्व-केश चौंरी गाईको चमरजस्तो कडा र खस्रो थियो जसको टुप्पो सुकेको परालको जस्तो धृमिल पीतवर्णको थियो ।
Sample 177 | Loss: 0.189649 | Text: अर्कोतर्फ, ती व्यक्तिहरूले बुझ्नका लागि उनीहरूलाई मात्र उनीहरूको आवश्यकताहरूमा ध्यान केन्द्रित गर्नुपर्छ र हरेक भौतिकवादी ।
Sample 178 | Loss: 0.182582 | Text: पहिलो पटकको पराजयले उनलाई हताशा होइन विजयका लागि नयाँ पाठ सिकायो।
Sample 179 | Loss: 0.176087 | Text: त्यसैले विविधता बीच सय थरी बाजाबाट पैदा हुने एउटा मनोहर तालसँग पनि तुलना गरिन्छ।
Sample 180 | Loss: 0.188083 | Text: निरीह भएर दुब्लो निर्वर्ण अनुहारमा चम्किने केवल दुई चल्षुले यो देहातको विराट्‌ संसारलाई हेर्छ ।
Sample 181 | Loss: 0.119768 | Text: उहाँहरुले देशका लागि केही न केही योगदान दिएर गएका हन्।
Sample 182 | Loss: 0.133002 | Text: फेरि गाउँको कत्रो प्रशान्त नीरवता ।
Sample 183 | Loss: 0.114588 | Text: बाँकी कारणले गर्दा समयमा वर्ष भई खेतीपाती हुने गर्छ।
Sample 184 | Loss: 0.152482 | Text: खाजा खानासाथ मलाई लिएर ग्राम दर्शनमा उ हिँडी ।
Sample 185 | Loss: 0.207263 | Text: युक्रेनी अधिकारीले पछिल्लो समय आफ्नो भूभागमा आक्रमण गर्न रुसले इरानमा निर्मित ड्रोनहरूको प्रयोग गरिरहेको बताउँदै आएको छ ।
Sample 186 | Loss: 0.201511 | Text: निराशा र कुण्ठ जागृत हुन् नदिई दलीय र व्यक्तिगत स्वार्थभन्दा माथि उठी राष्ट्रिय स्वार्थमा उनीहरूलाई प्रयोग गर्दा राष्ट्रको कायापलट नै हुन् गएको छ।
Sample 187 | Loss: 0.123715 | Text: मेरो देश विश्वका साना देशहरुमध्ये एउटा हो तापनि यसको नाम विश्वभरि नै फैलिएको छ।
Sample 188 | Loss: 0.112643 | Text: पहाड चढ्दा व्यायाम पनि हुने भएकोले पर्वतारोहण गर्नेहरुको शरीर स्वस्थ अनि तन्दुरुस्त बन्न पुग्दछ।
Sample 189 | Loss: 0.219055 | Text: राजनीतिमा हिंसाको पूर्णत: त्याग असम्भव छ, त्यसो हुनाले प्रयत्न यसमा मात्रै गर्नुपर्छ कि हिंसा सीमित रहोस्‌ ।
Sample 190 | Loss: 0.221838 | Text: त्यसपछि फेरि फलामे ढोका लाग्यो; सिक्री बारमा रगडियो; बाक्लो ताल्चा मारियो; र गोडाको आवाज बिस्तारै चिसो माटोमा विलीन हुँदै गयो ।
Sample 191 | Loss: 0.133006 | Text: हामी नेपालीले दुखसुख बाटी हरेकलाई सहयोग गर्छौ र गरिबलाई खान,कपडा,घर आदि गरिदिन्छौ,हामी नेपाली दयालु छौ र परिश्रम गरी हरेक काम गर्छौ।
Sample 192 | Loss: 0.211012 | Text: ब्यक्तिको अनिन्द्य सौन्दर्य मेधा र प्रतिभा हो भनी पहिले आफ्नै दिमागमा घुसाउँ!! पहिले नारीले नारीलाई सम्मान गर्न सिकौँ!! ।
Sample 193 | Loss: 0.113874 | Text: तथापि, यसलाई ठूलो व्यावसायिक बनाउन र अत्याधिक इच्छाहरु को लागी अधिक र अधिक कमाई को लागी मान्छेले काम मा धेरै समय खर्च गर्दछ र आफ्नो आमाबाबु, पति र बच्चाहरुलाई बेवास्ता गर्छन।
Sample 194 | Loss: 0.186740 | Text: फेरि कमिश्नरले बडो कोमल स्वरमा अन्तिम बार सोधे- तिम्रो अन्तिम इच्छा के छ !; केही भन्नु छ?
Sample 195 | Loss: 0.119081 | Text: समय मिलाएर पत्रिका पढ्ने बानी बसाउनुपर्छ, दैनिक रूपमा गर्नुपर्ने कामलाई पन्छाएर खालि पत्रिका पढ्नु राम्रो होइन, ।
Sample 196 | Loss: 0.148857 | Text: त्यस्तै नेपालको सरकारी व्यवहार चलाइने भएकोले यो नेपालको राष्ट्रभाषाका रूपमा स्थापित भएको हो।
Sample 197 | Loss: 0.133244 | Text: हेर हेर, कति दुब्लो भएको छ अङ्ग्रेजी पढ्दा ।
Sample 198 | Loss: 0.124847 | Text: न्वारनको नाउँ आमासँग सोध्न्‌ ।
Sample 199 | Loss: 0.151071 | Text: पछिल्लो समय रुसले युक्रेनी ऊर्जा पूर्वाधारलाई लक्षित गरी आक्रमण तीव्र पारेको छ ।
Sample 200 | Loss: 0.137819 | Text: त्यस कारणले हामीले सक्ने काम गरेर दशको अवस्थालाई अझ गतिलो बनाउनुपर्छ।
Sample 201 | Loss: 0.124449 | Text: नाककोरेको साग, कोशीले छाडेर गएको ठाउँमा जमेको पाँक र त्यहाँको दलदल जसमा फुलकाहीका बाब्‌साहेबहरूको हात्ती भास्सिएर मरेको।
Sample 202 | Loss: 0.135538 | Text: सामाजिक समस्या यसका ज्ञानले हटाउन सकिन्छ।
Sample 203 | Loss: 0.145512 | Text: उस दिन बिहान गाइको पूजा गरिन्छ अनि राति घरघरमा दीपावली गरी धनकी देवी लक्ष्मीको पूजा गरिन्छ।
Sample 204 | Loss: 0.148510 | Text: राधा ! तिमीले घरमा लेख्न-पढ्न सिकेको थियो कि थिएन ?
Sample 205 | Loss: 0.176970 | Text: हामी नेपालीले कर्म मात्र गर्नुपर्छ, फलको अपेक्षा गर्नु हुँदैन।
Sample 206 | Loss: 0.121427 | Text: सिङ्गो प्रकृति नै मेरो स्वागत गर्न तम्तयार त्यही बेला नै थियो।
Sample 207 | Loss: 0.215967 | Text: यहाँको दूबोमा यो गाढा चिल्लो हरितिमा छैन, खसो, खैरो, शुष्क हरियोपन मात्र छ ।
Sample 208 | Loss: 0.134289 | Text: सबैले सबैको धर्मलाई सम्मान गर्छौं।
Sample 209 | Loss: 0.129825 | Text: उसको जीवन जोखिमपूर्ण पनि हुन्छ।
Sample 210 | Loss: 0.172910 | Text: हामी कसैलाई पराइ ठान्दैनौ।
Sample 211 | Loss: 0.194907 | Text: हो, आमालाई धेरै काम छ, मालमत्ताको राखनधरन गर्नु छ, उहाँलाई फुर्सत छैन ।
Sample 212 | Loss: 0.176814 | Text: उसलाई पुलिसले केर्दा या न्याय गोष्ठीमा सोध्दा उसले एकनाससँग भनेको थियो- मैले फ्याँकेको हो बम ।
Sample 213 | Loss: 0.164778 | Text: यस्तो कारणले गर्दा हाम्रो घरपरिवार असुरक्षित छन् ।
Sample 214 | Loss: 0.155921 | Text: यो कुकुर-तिहार कार्तिक महिनाको कृष्ण पक्षको चतुर्दशी तिथि परेको दिन पर्दछ।
Sample 215 | Loss: 0.145115 | Text: सरकारले कर तिराएर हामीलाई ठग्न काम गरिरहेको होइन।
Sample 216 | Loss: 0.123597 | Text: उनीहरू घर फर्के; बाटामा राधाले आफ्नी दिदीको कुरा गरी, जसले छोरा पाउँदा राधा पनि थिई ।
Sample 217 | Loss: 0.122230 | Text: अझै हाम्रो समाजमा चेलीबेटी बेचबेखन पनि तिब्र गतिमा बढिरहेको छ।
Sample 218 | Loss: 0.163409 | Text: आमा हाँस्थिन्‌ छोरीले कनी-कथी गरेर पढेको देख्दा र कहिले-कहिले त्यहीँनिर बसेर उसले पढेको कथा सुन्थिन्‌ ।
Sample 219 | Loss: 0.114083 | Text: युगको आवश्यकता र नेपाली माटाको मागबमोजिम नेपाल आमाले जन्माएका त्यस्ता साहसिक वीरहरूमध्ये सर्वाधिक महत्त्वपूर्ण ऐतिहासिक महारथी हुन्-पृथ्वीनारायण शाह।
Sample 220 | Loss: 0.128941 | Text: त्यसैले यो दिन तिहार चाडको निकै महत्त्वपूर्ण दिन हो।
Sample 221 | Loss: 0.175199 | Text: शहरबाट सञ्चित गरेर ल्याएको कातर हृदयको भय उसको सङ्गतमा बिस्तार-बिस्तार लोप हुन लागेको जस्तो भयो ।
Sample 222 | Loss: 0.153947 | Text: हामी नेपाली एकतामा बसेर हरेक काम गर्छौ र सफलता प्राप्त गर्छौ।
Sample 223 | Loss: 0.121498 | Text: नेपाललाई छत्तीस वर्णको साझा फूलबारीका रूपमा प्रस्तुत गर्दै सबै जात-वर्णको समान उन्नति र विकास भएमा राष्ट्रियता मजबुत हुने ।
Sample 224 | Loss: 0.224356 | Text: मेरो बुबा आमाको मायाको छहारीमा मेरो बाल्यकाल खुबी रमाइलो भएर बित्यो।
Sample 225 | Loss: 0.147273 | Text: नेपाली भाषा साहित्यिक दृष्टिले पनि निकै धनी छ।
Sample 226 | Loss: 0.111569 | Text: कोशी नदी पनि सोझै तर्छ र जो क्रोधमा आयो भने आँखा देख्दैन र जसदेखि ठूला-ठूला बाघ पनि डराउँछन्‌; इत्यादि इत्यादि ।
Sample 227 | Loss: 0.239180 | Text: हामी हाम्रो चाडपर्वमा काग, कुकुर, गाई, गोरु आदिलाई सम्मान गर्छौं।
Sample 228 | Loss: 0.224970 | Text: ‘दस कुवा बराबर एउटा पोखरी हुन्छ, दस पोखरी बराबर एउटा पुत्र हुन्छ, दस पुत्रहरू बराबर एउटा रुख हुन्छ।
Sample 229 | Loss: 0.177200 | Text: मलाई नचाहिँदो कुरामा अड्को तोपेर घरमा कोलाहल मचाउन पटक्कै मन लाग्दैनथ्यो।
Sample 230 | Loss: 0.212758 | Text: नागरिकको कर्तव्य देशको हरेक परिस्थितिमा साथ दिनु र आफूले गर्न सक्ने मेहनत गर्नु पनि हो।
Sample 231 | Loss: 0.140764 | Text: पर्वतारोहणमै सारा जीवन बिताउने व्यक्तिहरू पनि प्रशस्त भेटिन्छन्।
Sample 232 | Loss: 0.155595 | Text: गत फेब्रुअरीदेखि युक्रेनमाथि सैन्य आक्रमण गरिरहेको रुसले इरानलाई अभूतपूर्व तहको सैन्य सहयोग दिइरहेको ।
Sample 233 | Loss: 0.127919 | Text: रङ्गै रङ्गको सुन्दर सृष्टि इन्द्रेणी हो।
Sample 234 | Loss: 0.127806 | Text: नेपालका प्रमुख समाचारपत्रहरूको बिक्री-वितरण निकै हुने गरेको पाइन्छ।
Sample 235 | Loss: 0.205869 | Text: उसले भनी- म पढ्छु दाइ !
Sample 236 | Loss: 0.118369 | Text: त्यो जोगीले हाम्रो गाउँको ठिक्क पश्चिम सडकभन्दा दक्खिनको एउटा सानो पोखरीको पूर्वी डिलमा चारवटा फुसका साना-साना चिट्ट परेका घर बनाएको थियो ।
Sample 237 | Loss: 0.169122 | Text: बिजुली, खानेपानी, कर आदिका लागि उठाइएको रूपले नै देशका विभिन्न कार्यहरू गरिन्छ।
Sample 238 | Loss: 0.118753 | Text: सयभित्र तमाम जात जाति, भाषा भाषी र धर्मावलम्बीहरुका विचार र भावना मिलेका छन्।
Sample 239 | Loss: 0.224785 | Text: अझ मानिस त झन् संसारका प्राणीहरू मध्येकै सर्वश्रेष्ठ एवं चेतनशील प्राणी हो; त्यसैले उ कसैका बन्धनमा नरही आफूखुसी खान, बस्न,बोल्न र घुमफिर गर्न रुचाउँछ, ।
Sample 240 | Loss: 0.209696 | Text: त्यसै कारणले यदि हामीले कडा नियम र कानुन बनायो भने हाम्रो समाज अगाडि बढ्न सक्छ र सगरमाथा झैँ उच्च नाम कमाउन सक्छ।
Sample 241 | Loss: 0.152263 | Text: मनिष आफ्नो स्वार्थको लागि समस्याहरु उत्पन्न गर्छन ।
Sample 242 | Loss: 0.124992 | Text: अनुशासन' शब्दले 'सामाजिक, नैतिक, धार्मिक, राजनैतिक आदि नियम-नियमावलीको मर्यादा र सो मर्यादाभित्र रहने काम भन्ने अर्थ बुझाउँछ, ।
Sample 243 | Loss: 0.124446 | Text: घरपालुवा जनावरका रूपमा रहेको र घरकै रखवारी गर्न पालिने कुकुरलाई कालका देवता।
Sample 244 | Loss: 0.193874 | Text: यी पाँच दिनमा काग-तिहार, कुकुर-तिहार, गाइ-तिहार, गोरु-तिहार, र भाइ-तिहार गरी जम्मा पाँच तिहार चिनिन्छ।
Sample 245 | Loss: 0.140344 | Text: अनेकौँ मठ, मन्दिर, गुम्बा, मस्जिद र गिर्जाघर छन्।
Sample 246 | Loss: 0.129762 | Text: मेरो देश पुर्व देखि लिएर पश्चिमसम्म स्वतन्त्र छ।
Sample 247 | Loss: 0.181715 | Text: तसर्थ आफ्नो देश युवास्रोतलाई निर्माणतर्फ प्रवाहित गर्न राज्यले रोजगारका बाध बढ्ने पर्छ, उनीहरूको उत्साहको धर्म उच्च आत्मबल र मनोबल साँध लाउनै पर्छ।
Sample 248 | Loss: 0.115974 | Text: घरका सबै आत्यधिक लाड प्यार पाएर म चाडै नै तङ्ग्रिन थाले अनि सबैका काख काखमा खेल्दै-रमाउँदै टुकुटुकु हिँड्न सक्ने भए।
Sample 249 | Loss: 0.164413 | Text: कालगतिको नियमबाट आएन यो; न अकस्मात्‌  नै आयो ।
Sample 250 | Loss: 0.146104 | Text: मेरो जीवनमा यो गाँसिन आई ।
Sample 251 | Loss: 0.175144 | Text: यो भावना पारस्परिक ‘जिउँदको जन्ती र मार्दाको मलामी’ उखान सार्थक भएको छ।
Sample 252 | Loss: 0.156128 | Text: इरानका कारण युक्रेनमा मानिसहरूले ज्यान गुमाइरहेका छन्,’ उनले भने ।
Sample 253 | Loss: 0.180540 | Text: आफ्ना कर्तव्यलाई नभुलेर र देशलाई नछलेर आफ्नो जिम्मेवारी समयमा पूरा गर्नुपर्छ।
Sample 254 | Loss: 0.251010 | Text: आदि प्रमुख पत्रिकाहरू छन्, यीमध्ये गोरखापत्र नेपालको सबभन्दा पुरानो पत्रिका हो, पत्रपत्रिका पढ्दा धेरै फाइदा हुने भए तापनि हामीले समयको वास्तै नगरी यसमा एकोहोरिएर लाग्दैन, ।
Sample 255 | Loss: 0.185871 | Text: त्यसै गरी विविध जाति, वेश र परम्परा उपज नेपाली संस्कृति हो।
Sample 256 | Loss: 0.210968 | Text: हामी सबै आजै देखि आफूले गर्ने काम इमानदारी पूर्वक गर्न थालौं र समाजका लागि एउटा उदाहरण बनौं हामी सबै।
Sample 257 | Loss: 0.154498 | Text: पुस्तकालयको देश निर्माण र विकासमा एक स्थान ओगटेको छ।
Sample 258 | Loss: 0.122866 | Text: त्यस देशको अनुहारमा अधोगतिको चाया देखिन्छ र अवनतीको छाया देखिन्छ।
Sample 259 | Loss: 0.145684 | Text: र बालाई जेठो छोरोमाथि बडो आशा थियो ।
Sample 260 | Loss: 0.145769 | Text: सर्वप्रथम नेपाली भाषाको व्याकरण लेख्ने विद्वान् एउटा विदेशी नै हुन्।
Sample 261 | Loss: 0.140574 | Text: एकाध बर्षमा उहाँ गणित र विज्ञानमा धेरै नै जान्ने भए।
Sample 262 | Loss: 0.136150 | Text: वनबाट अनेकौँ जडीबुटीहरू निस्कने गर्छ।
Sample 263 | Loss: 0.134986 | Text: हाम्रो समाजमा ‘गाँस छोड्नु,साथ नछोड्नू’ उखान ज्यादै लोकप्रिय छ।
Sample 264 | Loss: 0.144738 | Text: हामी निस्वार्थी र धर्मको बाटोमा लाग्ने मानिस हौ।
Sample 265 | Loss: 0.203209 | Text: यसै कारणले हरेक बर्ष धरै मानिसहरुको मृत्यु हुन्छ ।
Sample 266 | Loss: 0.130062 | Text: यस खेलले दिने स्वाद बेग्लै र अनौठो हुन्छ।
Sample 267 | Loss: 0.120008 | Text: सियो, धागो, सिन्दूर बेच्ने बाक्सावाला, हींग र मेवा किन्छौं कि भन्दै हिंड्ने काबुलीवालाहरूका विभिन्न तीव्रता र।
Sample 268 | Loss: 0.125225 | Text: बिदाका दिन म गाउँले साथीहरूसँग नजिकेको जंगलमा घुमफिर गर्ने जान्थे।
Sample 269 | Loss: 0.164811 | Text: तिनीहरू उनीहरूको वरिपरी मद्दत गर्न प्रयास गर्छन्, आफैलाई धैर्य कार्यमा समावेश गर्दछ।
Sample 270 | Loss: 0.142574 | Text: यस दिनलाई हाल तिहार पनि भनिन्छ।
Sample 271 | Loss: 0.167840 | Text: भैरहेका छन्‌- ढुङ्गाका घर, ढुङ्गाका सडक, ढुङ्गाका घाटहरू, त्यहाँको जीवनको चारैतिरका दृढ स्थिर प्रस्तर आधार- ढुङ्गा.।
Sample 272 | Loss: 0.207928 | Text: साधारण मृत्यु होइन यो, जसमा जीवन बिस्तार-बिस्तार निभ्दै जान्छ, बिलाउँदै-बिलाउँदै जान्छ; कालगतिको सामान्य नियममा बाँधिएको मृत्यु यो होइन ।
Sample 273 | Loss: 0.153725 | Text: विश्वमा नेपाललाई चिन्नेले हामी नेपालीलाई पनि चिन्दछ।
Sample 274 | Loss: 0.194608 | Text: नारी नुनिला आँसुका धारा खाएर अमृतमय दूध पिलाउन सक्ने नारी सृष्टिका संरक्षक हुन् ।
Sample 275 | Loss: 0.134163 | Text: यो हाम्रो राष्ट्रको बिकासको अनुपम धरोहर हो, यसले देशको विकास गर्न सकिन्छ।
Sample 276 | Loss: 0.145713 | Text: सम भन्नु पर्दा पर्वतारोहण पनि मानिसले खेल्ने एक रमाइलो खेल नै हो।
Sample 277 | Loss: 0.141728 | Text: त्यो काठको खामो- जाट हो ।
Sample 278 | Loss: 0.179945 | Text: सानो गृहस्थीमा आइपर्ने सुख-दुःखका कुराभन्दा माथि कहाँ उठ्थ्यो र उनीहरूको विचार !
Sample 279 | Loss: 0.131768 | Text: यस्तो व्यक्ति सबैका नजरमा असल ठहरिन्छ, अनुशासनको क्षेत्र ज्यादै फराकिलो पनि छ।
Sample 280 | Loss: 0.148640 | Text: यो चाड लक्ष्मीपूजाका नामले पनि निकै प्रसिद्ध छ।
Sample 281 | Loss: 0.124053 | Text: ड्रोन उत्पादनमा रुस र इरानबीचको साझेदारी युक्रेन, इरानका छिमेकी तथा अन्तर्राष्ट्रिय समुदायका लागि घातक हुने कर्बीको भनाइ छ ।
Sample 282 | Loss: 0.118241 | Text: अनि बडो मेहेनत गर्न थालेकी थिई पढ्नमा ।
Sample 283 | Loss: 0.144927 | Text: र घरको कुनामा या आँपको गाछीमुनि उ घोप्टो परेर सुतेर पढ्थी ।
Sample 284 | Loss: 0.142907 | Text: यस देशले आफूलाई विश्वमा चिनाउने सामर्थ्य पनि राखेको छ।
Sample 285 | Loss: 0.117108 | Text: ठूलो योगदान रहेको छ, अहिलेको युग भनेको प्रतिस्पर्धाको युग हो, आज विश्वमै औद्योगिक विकासको गति तीव्र रूपमा बढिरहेको छ, विभिन्न उद्योगहरूले आफ्ना उत्पादनहरू ।
Sample 286 | Loss: 0.173040 | Text: हामी सबैका चाडपर्व एक अर्कामा शुभ कामना व्यक्त गर्छौं।
Sample 287 | Loss: 0.159634 | Text: तिनीहरूले उच्च सोच्न वा विस्तृत मानसिकता विकास गर्न सक्दैनन्।
Sample 288 | Loss: 0.142898 | Text: स्नेह गरी उनीहरूको धुकधुकीको स्पर्श गरेर नेपाली राष्ट्रियताको मजबुत आधार खडा गरे।
Sample 289 | Loss: 0.172325 | Text: त्यसैले यस दिन गाईलाई फुलको माला लगाएर थरथरीका मीठा मीठा खाने कुरा खान दिई गाई पूजा गरिन्छ।
Sample 290 | Loss: 0.185971 | Text: नेपालमा भएको जंगलको सदुपयोग गर्न सकेमा नेपाल धनी र नेपाली सुख हुन् सक्छन्।
Sample 291 | Loss: 0.121414 | Text: युवा-युवतीहरूका जोस र जाँगरका अगाडि जस्तोसुकै कठिन चुनौतीले पनि शिर निहुराउने पर्छ।
Sample 292 | Loss: 0.202301 | Text: यसै दिन कालका देवता यमराज पनि आफ्नी बहिनी यमुना कहाँ टीका लगाउन जाने कथा हिन्दू पुराणमा उल्लेख गरिएको छ।
Sample 293 | Loss: 0.252614 | Text: अतः युवाहरूका आट र उत्साहको इन्धन प्राप्त गर्दा देशले विकास मार्गमा आएका जुनसुकै हाँक र बन्धनलाई सजिलै परास्त गर्न सक्छ।
Sample 294 | Loss: 0.136827 | Text: यस्तो करा गाउँमा पहिले कहिल्यै पनि भएको थिएन ।
Sample 295 | Loss: 0.124798 | Text: यहाँ मन्दिरले मस्जिदको रिस गर्दैन भने गुम्बाले गिर्जाघरलाई गाली गर्दैन।
Sample 296 | Loss: 0.131090 | Text: नेपाल प्राकृतिक सुन्दरताले भरिपूर्ण देश हो।
Sample 297 | Loss: 0.146335 | Text: संसारका धेरै मानिसहरू निरन्तर पर्वतारोहण गरीरहन्छन।
Sample 298 | Loss: 0.204664 | Text: त्यसै गरी विश्वका कुनाकुनामा शान्तिको संदेश छरी अमर बन्न पुगेका शान्तिका अग्रदुत गौतम बुद्ध पनि मेरै देशका बासिन्दा हुन्।
Sample 299 | Loss: 0.149758 | Text: राधाले केही नबोलेर आफ्नो गोडा पानीमा हल्लाइरही ।
Sample 300 | Loss: 0.244275 | Text: न हो यो त्त्यस्तो अकस्मात्‌को मृत्यु जस्तो कि युद्धमा तातो गोली खाएर प्राण उडेको हुन्छ- सोच्दै नसोचेको गोली लाग्छ छातीमा, अनि त्यही अकस्मात्‌को आश्चर्यमा मान्छेको शरीर सेलाइहाल्छ ।
Sample 301 | Loss: 0.127281 | Text: अनुशासन भनेको नियमपालन हो।
Sample 302 | Loss: 0.169149 | Text: पर्वतारोहण एउटा साहसिक कार्य हो।
Sample 303 | Loss: 0.120838 | Text: समाजमा बसेपछि एक-अर्काको कदर गर्ने, सामाजिक नीतिनियमको पालना गर्ने, दुख परेको बेलामा एकले अर्कालाई सक्दो सहयोग गर्ने अनि कसैप्रति भेदभाव ।
Sample 304 | Loss: 0.130662 | Text: नेपालका प्रमुख समाचारपत्रहरूको बिक्री-वितरण निकै हुने गरेको पाइन्छ।
Sample 305 | Loss: 0.135329 | Text: भरखर यसो उँघेको मात्र थियो क्यारे, तर घडी कति छिटै बितेको ।
Sample 306 | Loss: 0.224476 | Text: सलाई बनाउने काठ, चन्दन, रबडको लस्सा, लह, मसला, बास इत्यादि वनबाट प्राप्त हुने गर्छ।
Sample 307 | Loss: 0.201925 | Text: अधिकांस नारीहरु (मेरा स्कुल कलेजका धेरै सहपाठी समेत)बिहे पश्चात अध्ययन स्थगित गरी आफ्नै बाटा आँफै बन्द गर्नमा तल्लिन भए/ छन् ।
Sample 308 | Loss: 0.121738 | Text: यही बमकाण्डभन्दा केही दिन पहिलेको कुरा ।
Sample 309 | Loss: 0.171964 | Text: अनुशासनमा नरहने मानिस लगामविनाको घोडाजस्तै हुन्छ, उसले जीवनमा केही गर्न सक्तैन।
Sample 310 | Loss: 0.120049 | Text: पर्वतारोहणले कुनै पनि चुचुरोमा पुग्ने व्यक्तिले जीवनमा आइपर्ने जस्तोसुकै समस्यासँग लड्न।
Sample 311 | Loss: 0.173036 | Text: त्यसैले म मेरो देश नेपाललाई ज्यादै माया गर्दछु र आफू नेपाली भई जन्मेकामा गौरव गर्दछु।
Sample 312 | Loss: 0.151434 | Text: कहाँ बाहिर ? यहाँ बाहिर, भित्र भन्ने छुट्टिएका दुई तत्त्व छन्‌ र : यहाँ त सबै क्रा बाहिरै बाहिर छ- उदाङ्ग ।
Sample 313 | Loss: 0.119022 | Text: यिनमा देश-विदेशका राजनैतिक गतिविधि खेलकुद, आर्थिक गतिविधि, कृषि र उद्योग-व्यवसाय तथा व्यापार, धर्म संस्कृति, इतिहास आदि हरेक विषयलाई ।
Sample 314 | Loss: 0.122974 | Text: र किशोरले स्वेच्छाले यो काम आफ्नो जिम्मामा लिएको थियो ।
Sample 315 | Loss: 0.129765 | Text: गत वैशाखसम्म तीन वटा एसी रहेकोमा अहिले थप गरिएको हो ।
Sample 316 | Loss: 0.123232 | Text: मीठो-मीठो खानेकुरो खान दिई आ आफ्ना दाजुभाइको दीर्घायु र निरोगिताको कामना गर्दछ।
Sample 317 | Loss: 0.266570 | Text: खस सम्प्रदाय अन्तर्गतका ठकुरी शाह वंशका राजा पृथ्वीनारायण शाहले गोर्खा जस्तो पहाडी राज्यका राजा भएर उपत्यकाका नेवारहरूको हृदय बुझ्नु, किरातहरूको आँत जित्नु कम चानचुने कुरो थिएन।
Sample 318 | Loss: 0.178501 | Text: पहाड चढ्दा व्यायाम पनि हुने भएकोले पर्वतारोहणहरूको शरीर स्वस्थ अनि तन्दुरुस्त बन्न पुग्दछ।
Sample 319 | Loss: 0.217471 | Text: अहिले पनि मृत्युका लागिको यो बृहत्‌ आयोजन समाप्त भैसकेको छैन- बाँकी रहेको कागजमा अफिसरहरूको दस्तखत पर्दै होला।
Sample 320 | Loss: 0.178660 | Text: यस्तो कार्य गरेर जसले पनि आफूलाई साहसीका रूपमा उभ्याउन सक्छ।
Sample 321 | Loss: 0.134415 | Text: म्याडम क्युरी, फलोरेन्स नाइटिङ्गेल, जुनको ताबेइ आदि यस्ता व्यक्तित्व हुन् जसले आफ्नो प्रतिभाको माध्यमबाट आफूलाई विश्वभर चिनाउन समर्थ भए र यिनी सबै नारी नै हुन् जसले शिक्षा पाएका थिए ।
Sample 322 | Loss: 0.262005 | Text: यहाँका यीनै विविधतामा समाजको जगमा नेपाली संस्कृति समाजको असल व्यवहार, मान्यता र भावना एउटै स्वरूप हो।
Sample 323 | Loss: 0.230113 | Text: आन्तरिक शान्ति र आनन्द मात्र पाउन सकिन्छ यदि हामी साधारण जीवनको नेतृत्व गर्दछौं र उच्च सोचाइले हामीलाई अरूको लागि राम्रो गर्न प्रेरित गर्दछ।
Sample 324 | Loss: 0.122944 | Text: तिनीहरू आफैमा भवदीय खर्च गर्नु भन्दा धैर्यतामा भोग्छन्।
Sample 325 | Loss: 0.127546 | Text: आफूले सक्ने काम गर्न म झन्झट मान्दैनथे ।
Sample 326 | Loss: 0.152916 | Text: देशमा कमी आएको छ।
Sample 327 | Loss: 0.127307 | Text: त्यसैले यहाँका मानिसले तिर्थाटनका लागि विदेशतिर गइरहनुपर्दैन, विभिन्न देवीदेवताका मन्दिर र तीर्थस्थल रहेको मेरो देश एक पुण्यभूमि हो।
Sample 328 | Loss: 0.233219 | Text: जसरी सनही, झुर्मा, मादल, ढोलक आदिबाट कुनै मनोरम ताल निस्किन्छ, त्यसरी नै हामीबाट नेपाली संस्कृति जन्मन्छ।
Sample 329 | Loss: 0.165200 | Text: नेपालमा पर्वतारोहण गर्नमा खास गरी सेर्पा जातिका मानिसहरू अग्र पङ्क्तिमा रहेका छन्।
Sample 330 | Loss: 0.132165 | Text: अनुशासनहीण विद्यार्थी उद्दण्डत, अराजकता, र विक्र्तिको बाटो तिर लाग्दछ,यस्ता विद्यार्थी भविष्यमा निकै पछुताउनुपर्दछ।
Sample 331 | Loss: 0.166130 | Text: हामी तुलसी, वर, पीपल आदिलाई पूजा गर्छौं।
Sample 332 | Loss: 0.121054 | Text: देशका नागरिकले गर्नुपर्ने कामहरू देशका विकासमा धेरै असर पार्ने गर्छन्।
Sample 333 | Loss: 0.204895 | Text: मा पूर्वपट्टि मुहडा गरेर बालुवाको राशिउपर कोल्टे पल्टेकी थिई ।
Sample 334 | Loss: 0.150487 | Text: पर्वतारोहण एउटा साहसिक कार्य हो।
Sample 335 | Loss: 0.151731 | Text: भोलिपल्ट त क समातिइहालेको थियो ।
Sample 336 | Loss: 0.146827 | Text: हामी नेपालीमा घमण्ड र स्वार्थ भन्ने भावना उठेको छैन।
Sample 337 | Loss: 0.161397 | Text: नेपाल आमालाई पिर परेको बेला हामी अगाडि बढ्छौ र देशलाई संकटबाट मुक्त गर्छौ।
Sample 338 | Loss: 0.219114 | Text: म आफूभन्दा ठूलालाई आदर गर्थे र उहाहरुलाई अह्राएको कम नअनकनाएका खुरुखुरु गरि दिन्थे ।
Sample 339 | Loss: 0.192935 | Text: बालुवामा गोडा राख्दा न्यानो अनुभव हुन्थ्यो र गोडा अलिक भासिन्थ्यो जसले कृतकती लागेको जस्तो हुन्थ्यो ।
Sample 340 | Loss: 0.209402 | Text: रूखहरू एक किनारामा- अमलतास, मौलश्री, शिरीप, काइयो.... फूलका रूखहरू-रुचिपूर्ण ढङ्गबाट लगाइएका छन्‌ ।
Sample 341 | Loss: 0.154459 | Text: सहज रुपमा भन्नुपर्दा नेपाली भनेको नेपालमा बस्ने नागरिक हो ।
Sample 342 | Loss: 0.150973 | Text: नेपाली भाषा नेपालको प्रमुख भाषा हो।
Sample 343 | Loss: 0.204448 | Text: कविता, कथा, उपन्यास, नाटक, निबन्ध आदि साहित्यिक हरेक विधामा नेपाली बहस मौलाएको छ।
Sample 344 | Loss: 0.134461 | Text: नेपालमा ठूला-ठूला जंगलहरु छन्।
Sample 345 | Loss: 0.188149 | Text: नेपाल हिमाल, पहाड र तराईको विविधताले भरिएको सुन्दर बगैँचा हो।
Sample 346 | Loss: 0.133886 | Text: रुसलाई समर्थन गर्नेले त्यसको परिणाम बेहोर्नुपर्ने चेतावनी दिएको बीबीसीले उल्लेख गरेको छ ।
Sample 347 | Loss: 0.123158 | Text: कैयन ठुला होटेल खचाखच भरेका होलान 'नारी हक हित' को आवज उठाउन र 'नारी दिवस' मनाउन न कि ।
Sample 348 | Loss: 0.142112 | Text: नेपाल वीरहरूको देश भनेर पनि चिनिन्छ।
Sample 349 | Loss: 0.142755 | Text: तिहार नेपालीहरूको ज्यादै रमाइलो र महत्त्वपूर्ण चाड हो।
Sample 350 | Loss: 0.189486 | Text: आफू अनुशासनमा रहने मानिसले नै अरुलाई पनि अनुशासनको पाठ पढाउन सक्छ।
Sample 351 | Loss: 0.167715 | Text: तिहार पाँचौं वा अन्तिम दिन भाइ-तिहारका रूपमा प्रसिद्ध छ।
Sample 352 | Loss: 0.125253 | Text: साँझदेखि नै सबै दिन केटीहरू घरघर गइ भैलो खेल्ने गर्दछन।
Sample 353 | Loss: 0.205337 | Text: यसमध्ये पन्ध्र लाख अघिल्लो आर्थिक वर्षको बक्यौता हो भने बाँकी चालु आर्थिक वर्षको हो ।
Sample 354 | Loss: 0.119279 | Text: नेपाल विभिन्न जातिहरूको संगम स्थल पनि हो।
Sample 355 | Loss: 0.174004 | Text: अनि राष्ट्रिय एकताको जग सशक्त बन्ने कुरा पृथ्वीनारायण शाहले नै सिकाएका छन्।
Sample 356 | Loss: 0.113396 | Text: यसै दिन दीपावलीको झिलिमिली सबैतिर परिने हुँदा नै तिहार चाडलाई ‘दीपावली’ समेत भन्ने गरिएको हो।
Sample 357 | Loss: 0.258742 | Text: यसैले जहाँ धार्मिक-संस्कृतिक दृष्टिले यो लक्ष्मीपूजा हाम्रो समाजमा महत्त्वपूर्ण रहेको छ त्यहीँ यही दिन नै हाम्रो साहित्यिक महोत्सव पनि मनाउनुपर्ने दिन बन्ने पुगेको छ।
Sample 358 | Loss: 0.131848 | Text: अनुशासनको पालना आफूभित्रैबाट हुनुपर्दछ, सबैले सचेत भई सामाजिक नीति-नियमका घेराभित्र रहेर काम गर्नु उचित हुन्छ।
Sample 359 | Loss: 0.136366 | Text: स्थानको कत्रो फैलाव नीलो आकाशको कत्रो विस्तीर्णता ।
Sample 360 | Loss: 0.211204 | Text: वास्तवमा भन्ने हो भने नेपाली भाषा सम्पूर्ण नेपालीहरूको आत्मा हो, ढुकढुकी हो।
Sample 361 | Loss: 0.118679 | Text: नेपाल अधिराज्यको संविधानले नेपाली भाषालाई राष्ट्रभाषाका रूपमा मान्यता दिएको छ।
Sample 362 | Loss: 0.142839 | Text: केही कुरा किनेपछि बिल लिने पनि हाम्रो कर्तव्य हो।
Sample 363 | Loss: 0.130300 | Text: मेरो घरमा त् झन् कसैलाई निन्द्रा पर्ने कुरै थिएन।
Sample 364 | Loss: 0.226582 | Text: अर्को दिन, त्यसपछि झन्‌ छ : श्वेतभैरबी अर्को गर्दागर्दै दिन बित्न थाले ।
Sample 365 | Loss: 0.135983 | Text: बेला-बेलामा भूक्षय भइरहने गर्छ।
Sample 366 | Loss: 0.131497 | Text: हुन्छन् र कतिपय समाजसेवीले बनेका हुन्छन।
Sample 367 | Loss: 0.132652 | Text: त्यसैले देश विकासका लागि शिक्षित नारीको खाँचो छ ।
Sample 368 | Loss: 0.243436 | Text: यहाँ त धेरै दिनदेखि पर्खिएको मृत्यु हो यो- झन्‌ दरबारबाट मृत्युदण्डको पुष्टि भएपछि- आज हुन्छ, भोलि हुन्छ भन्दै औंलामा दिन गन्दै मृत्युलाई पर्खेर बसेको ।
Sample 369 | Loss: 0.144057 | Text: तिनको सौन्दर्यले सबैको मन लोभित हुन्छ।
Sample 370 | Loss: 0.141476 | Text: अहिलेको युगमा पत्रपत्रिका नपढ्ने मानिसले केही पनि जानेको हुँदैन र उ देश-विदेशमा भइरहेका गतिविधिबारे अनभिज्ञ नै रहन्छ, ।
Sample 371 | Loss: 0.135178 | Text: यसले जीवनको विकासमा ठुलो भूमिका खेलेका हुन्छन।
Sample 372 | Loss: 0.154422 | Text: विदेशी विद्वान्हरूको चासोको विषय बन्नु नेपाली भाषाको ठूलै उपलब्धि हो।
Sample 373 | Loss: 0.160074 | Text: कतिपय त् यसलाई पेसाकै रूपमा पनि अँगालेको पाइन्छ।
Sample 374 | Loss: 0.176345 | Text: यसको महत्व बुझने मानिस नै अहिले अगाडि बढेका उदहारण सहित पाइन्छ।
Sample 375 | Loss: 0.210845 | Text: प्रिथिवी नारायण शाह, अमरसिंह थापा, भीमसेन थापा, राजेन्द्र लक्ष्मी आदिका योगदानले हाम्रो नेपालमा आजसम्म कसैले विजय हासिल गर्न सकेन।
Sample 376 | Loss: 0.138893 | Text: काशीको अन्नजलको हामीले घेरै सञ्चय गरेका रहेनछौं ।
Sample 377 | Loss: 0.184904 | Text: अठार सय छब्बिस मा काठमाडौं उपत्यकामाथि कब्जा जमाएपछि उनको विजय यात्राको अभियान र नेपाल एकीकरणको महोत्सवको एउटा अध्याय सम्पन्न गुरुतर दायित्व उनले निर्वाह गरे।
Sample 378 | Loss: 0.139641 | Text: मैले भनें- मेरो त एउटा मात्र नाउँ छ ।
Sample 379 | Loss: 0.142778 | Text: भ्याउ, काई, लेउ र पानीका लहराहरूले घेरिएर उभिएको थियो, पोखरीको मध्यमा एउटा कालो अग्राखको काठ।
Sample 380 | Loss: 0.153555 | Text: नारी जति पछाडी यो समस्याले हो।
Sample 381 | Loss: 0.109760 | Text: किशोर फेरि तस्वीर हेरेको जस्तै मनको चिसो आँखाले कलेजका साथीहरूलाई हेर्न थाल्थ्यो ।
Sample 382 | Loss: 0.216699 | Text: मेरो देश मेरो लागि गौरव हो किनकि यहाँ बार्हौ महिना बग्ने खोला-नाला छन् भने शान्तिको चिहन् गौतम बुद्धको जन्मस्थल हो।
Sample 383 | Loss: 0.213462 | Text: त्यस कारणले सुरुमा हामी नागरिकले आफ्नो कर्तव्य पुरा गर्नुपर्छ तब मात्र देश विकास भएन भने हामी सरकारलाई दोष दिन सक्छौ र यसको विरुद्धमा जान सक्छौं।
Sample 384 | Loss: 0.121422 | Text: पहाडको उच्च टाकुरामा पुगेर त्यहाँको सौन्दर्यमा डुब्न गर्न र आफ्नो कीर्ति राख्नका लागि मानिसहरू पर्वतारोहणमा मरिमेटेर लाग्छन्।
Sample 385 | Loss: 0.186937 | Text: यस दिन मीठा-मीठा खाने कुरा दिई माला लगाई सिँगारपटार गरी कुकुरको पूजा गरिन्छ।
Sample 386 | Loss: 0.206123 | Text: यस चाडमा खास गरी पटका पड्काएर अनि आतसबाजी गरेर मनोरञ्जन लिने चलन निकै बढ्दो छ।
Sample 387 | Loss: 0.138579 | Text: देश भन्ने बित्तिकै हामी सबैको साझा घर हो र यो घरलाई सुरक्षित गर्नु र यसको विकास गर्नु हाम्रो कर्तव्य हो।
Sample 388 | Loss: 0.197945 | Text: आफूले दुइटा फूल कानमा घुसारी; पूर्वपट्टिको डिलमा कदमको सानो रूख थियो ।
Sample 389 | Loss: 0.145125 | Text: निर्ममतासँग पृथ्वीलाई यसले आबद्‌ गरेको छ, त्यसमा गोडा राख्यो भने दुम्सीको काँडा उम्रेको जस्तो अङ्गअङ्गका तीक्ष्ण अङ्क्रले बर्बरताको सान्नानी : तीन परिचय दिन्छन्‌ ।
Sample 390 | Loss: 0.171051 | Text: हामी तुलसी, वर, पीपल आदिलाई पूजा गर्छौं।
Sample 391 | Loss: 0.165765 | Text: उनि नरभूपाल शाह र कौशल्यावातीका सन्तानका रूपमा जन्मेका हुन्।
Sample 392 | Loss: 0.213621 | Text: फाल्तू समयमा मात्र पत्रिका पढेर समयको सदुपयोग गर्ने मानिस नै बुद्धिमानी ठहरिन्छ, आधुनिक युगमा व्यक्ति, समाज तथा राष्ट्रको उन्नति हुनका ।
Sample 393 | Loss: 0.137843 | Text: पुस्तकालयमा विभिन्न छेत्रका किताबहरु हुन्छन।
Sample 394 | Loss: 0.125228 | Text: बेलुका उसले राधालाई भन्यो- हिँड जाउँ नदीतिर घुम्न ।
Sample 395 | Loss: 0.218839 | Text: म जन्मदा घरका सबै जना खुसीले ढङ्ग हुनुहुन्थ्यो रे! उहाँहरुका लागि म  घरको जगमगाउँदा बत्ती थिए, कुलको धरोहर थिए।
Sample 396 | Loss: 0.117481 | Text: साथैमा मेरो देश विश्वको शिखर सागरमाथाको देश हो,त्यसैले मेरो देशमा म धेरै गर्व गर्दछु।
Sample 397 | Loss: 0.187634 | Text: जस्तै – गाउँमा मानिसहरुलाई कुनै रोगको सिकार भयो भने अस्पताल नगएर धामी झाँक्री संग उपचार गराउन जानछन् ।
Sample 398 | Loss: 0.201886 | Text: अनुशासन' ;शासन' शब्दका अगिल्तिर 'अनु' उपसर्ग लागि बनेको शब्द हो।
Sample 399 | Loss: 0.116475 | Text: बाहिर, धेरै मानिसहरूको गोडाको आवाज खस्याकखुसुक सुन्यो, र कर्कश शब्दका साथ फलामे डन्डीमा सिक्री रगडिएको पनि ।
Sample 400 | Loss: 0.120229 | Text: बर्षमा एक पटक चिच्याएर 'दिवस' मनाउदैमा के फरक पर्छ नारीहरुको अध्यावधी पिछडित दयनिय कुचक्रित यथार्थमा?? ।
Sample 401 | Loss: 0.136239 | Text: सरकारले देशलाई हाम्रै पैसाले चलाउँछन्।
Sample 402 | Loss: 0.180502 | Text: दाजुभाइले पनि दिदी बहिनीलाई दक्षिणा तथा सौगातहरू दिई खुसी पार्छन।
Sample 403 | Loss: 0.187397 | Text: त्यसको बदलामा रुसले इरानलाई उपलब्ध गराउने सैन्य र प्राविधिक सहयोगले मध्यपूर्वका साझेदार र अन्तर्राष्ट्रिय सुरक्षामा जोखिम बढ्ने क्लिभर्लीले बताए ।
Sample 404 | Loss: 0.206224 | Text: मित्रहरु ! यि ति नारीहरु हुन् जसको हातमा प्रसस्त अवसर थियो ।
Sample 405 | Loss: 0.113207 | Text: चौथो अङ्ग पनि भनिन्छ, पत्रपत्रिकाहरू विविध सामग्रीले भरिएको पोका हुन्, राष्ट्रिय तथा अन्तरराष्ट्रिय क्षेत्रका हरेक पक्षलाई तिनीहरुले समेटेका हुन्छन्, ।
Sample 406 | Loss: 0.147066 | Text: हुने बिरुवाको चिल्लो पात भने झैँ पृथ्वीनारायण शाह सानेदेखि होनहार र प्रतिभाशाली व्यक्ति थिए।
Sample 407 | Loss: 0.170935 | Text: हामीले पुस्तकालयमा विभिन्न किताबहरु पाउन सक्छौ।
Sample 408 | Loss: 0.146397 | Text: तिनको सौन्दर्यले सबैको मन लोभित हुन्छ।
Sample 409 | Loss: 0.126548 | Text: वनबाट हामी नेपालीलाई थुप्रे फाइदाहरू छन्।
Sample 410 | Loss: 0.184599 | Text: सोझो बाटो छ त्यो, जसमा अघि- पछि केवल दुई दिशातिर मात्र आउन-जान सकिन्छ ।
Sample 411 | Loss: 0.175690 | Text: देश विकासका कार्यमा प्रत्येक युवा-युवतीले आ-आफ्नो क्षेत्रबाट सक्दो योगदान पुर्याइरहेका हुन्छन्।
Sample 412 | Loss: 0.214566 | Text: फूलबारीमा सयपत्री, गुलाफ, कमल, कमल,बेली, चमेली, जाई,जुही आदि हुन्छन्।
Sample 413 | Loss: 0.145107 | Text: त्यसरी राधासँग उसको प्रेम घनिष्ठतर हुँदै गएको थियो ।
Sample 414 | Loss: 0.211330 | Text: नेपालीहरुका अरु निकै पुराना चालचलनहरु देख्दा मख्ख पर्ने विदेशी पर्यटकहरु नेपाल भ्रमणको मीठो सम्झना आफ्नो हृदयको झोलामा भरेर लैजान्छन।
Sample 415 | Loss: 0.206485 | Text: यस अमेरमा स्वास्थको बारेमा थाहा हुँदैन र धेरै रोगका सिकार हुन सक्छ।
Sample 416 | Loss: 0.138176 | Text: त्यो काइथेहरूको गाउँ हो ।
Sample 417 | Loss: 0.171532 | Text: दसौं लाख युक्रेनीलाई ऊर्जा र अन्य अत्यावश्यकीय सेवाबाट वञ्चित गरिरहेको छ ।
Sample 418 | Loss: 0.187428 | Text: कडा नियम बनाए पनि यस आधानिक युगमा नराम्रो मानिसले गर्दा समाज पछि पर्छन्।
Sample 419 | Loss: 0.179548 | Text: निश्चय पनि ‘ हरियो वन नेपालको धन’ हो।
Sample 420 | Loss: 0.168244 | Text: रूपियाँ-पैसा अथवा सामान (नगद र जिन्सी) दाईजो हो भने दाईजो दिने प्रचलन दाईजो प्रथा हो।
Sample 421 | Loss: 0.156619 | Text: आजको युगमा यस्को धेरै नै महत्व दिइने गर्छन।
Sample 422 | Loss: 0.200574 | Text: शहरमा मलाई यो कुरा कसैले बताएनन्‌ कि मानिसको बोलाउने र न्वारनका भिन्न-भिन्न नाउँ हुन्छन्‌ ।
Sample 423 | Loss: 0.157655 | Text: वन अध्यात्म कालदेखि नै शान्तिको पुजारी रहेको छ।
Sample 424 | Loss: 0.118959 | Text: एकैदिनमा कति थोक मैले सिकें, यो गाउँमा आएर ।
Sample 425 | Loss: 0.142336 | Text: साम्राज्यवादीहरूका विषालु पाइतालालाई पवित्र उपत्यकाको आँगनमा पर्नबाट जोगाए।
Sample 426 | Loss: 0.144827 | Text: त्यही बिलको कारणले ती व्यापारीहरूलाई धेरै कम कर तिर्नुपर्छ।
Sample 427 | Loss: 0.119976 | Text: कोशी नदीको पश्चिम किनारमा उभिएर त्यहाँको दृश्यलाई हेर्दा रमाइलो लाग्यो ।
Sample 428 | Loss: 0.141064 | Text: पृथ्वीले एक निश्चित गतिमा सूर्यको परिक्रमा गरिरहेको हुन्छ र यसै आधारमा दिन र रातको प्रक्रिया चालू भाइरहन्छ।
Sample 429 | Loss: 0.204691 | Text: चिनीहरूले विश्वको कुनै एक कुनामा घटेको नयाँ-नयाँ घटनाको विवरण विश्वभरि नै फिँजाउने कम गर्दछ, पत्रपत्रिकाहरूले विभिन्न सामग्रीहरू छापेर देश ।
Sample 430 | Loss: 0.177082 | Text: वास्तवमा भन्ने हो भने नेपाली भाषा सम्पूर्ण नेपालीहरूको आत्मा हो, ढुकढुकी हो।
Sample 431 | Loss: 0.258346 | Text: यस्ता चाडहरूलाई हामीले आपसी मेलमिलाप बढाउन गरी मनाउनुपर्छ र यस्ता चाडहरू मनाई हामीले आफ्नो जीवनलाई पनि अझ सुन्दर पार्दै जानुपर्छ।
Sample 432 | Loss: 0.125561 | Text: ल नानी यसलाई गाउँ घुमाएर ल्याङ ।
Sample 433 | Loss: 0.180602 | Text: यस्ता नराम्रा कामहरू गर्दा कहिलेकहीँ एक-अर्कामा झाँगड पनि हुने गरेको स्थिति केही वर्ष यता देखिदैं छ।
Sample 434 | Loss: 0.125678 | Text: शून्य सडकका खामामा बत्ती घोरि  र भुइँतिर हेरिरहेका छन्‌ ।
Sample 435 | Loss: 0.163715 | Text: तर बोल्न बडो गाह्रो मानेको जस्तो गर्थी ।
Sample 436 | Loss: 0.202327 | Text: आफ्ना काखमारहेका असंख्य नदीनाला,हिमश्रीन्खालम, वनजंगल जस्ता प्राकृतिक सम्पत्ति र र पुराना जमानाक सुन्दर ।
Sample 437 | Loss: 0.129833 | Text: समाजमा हुने समस्यालाई सामाजिक समस्या भनिन्छ।
Sample 438 | Loss: 0.181588 | Text: अहिले समाजमा मानिसहरु सानालाई जातधर्ममा भेदभाव र हेप्ने गरछन् ।
Sample 439 | Loss: 0.120922 | Text: हाम्रा पुर्खाहरू आफ्नो स्वाभिमानमा अडेका थिए।
Sample 440 | Loss: 0.163850 | Text: नीलो आकाशको त कुरै भएन, त्यो त यति उचा छ, त्यो यति बिस्तृत छ र यति समान रूपले नीलो छ।
Sample 441 | Loss: 0.119006 | Text: सृष्टिमा सबभन्दा असहाय प्राणी त्यो कशकाय पीतवबर्ण बालक हो जो एक्कासि शहरबाट चुडिएर कनै गाउँमा रोपिन आइपुग्छ ।
Sample 442 | Loss: 0.127315 | Text: सधैं अरुकै मुख ताकेर हक पर्खेर होइन कि आँफैकम्मर कसुं ।
Sample 443 | Loss: 0.127576 | Text: आमा त केही नबुझेर अन्ध-वात्सल्यमा आँसु बगाइरहँदी होलिन्‌ ।
Sample 444 | Loss: 0.214640 | Text: ऋषि-मुनिहरू अध्यात्म शान्तिको लागि वन-जंगलमै गएर तपस्या गर्ने गरेको यथेष्ट प्रमाण धार्मिक ग्रन्थहरूमा पढ्न पाइन्छ।
Sample 445 | Loss: 0.123305 | Text: तिहारको चौथो दिनलाई गोरु-तिहारका रूपमा मनाइन्छ।
Sample 446 | Loss: 0.129257 | Text: उहाँहरुले प्रशस्त माया ममाथी खन्याउनुभएको थियो।
Sample 447 | Loss: 0.181507 | Text: र अनिवार्य भएमा मात्र अनिवार्य परिमाण प्रयोग होस्‌ ।
Sample 448 | Loss: 0.144050 | Text: साना अर्थात् तल्लो जतिको मानिसलाई काम पनि दिदैनन्।
Sample 449 | Loss: 0.145266 | Text: यहाँ अनेकौँ चाडपर्व, रीति रिवाज र प्रचलनहरू छन्।
Sample 450 | Loss: 0.119036 | Text: कार्तिक महिनाको शुल्क पक्षको दोस्रो दिन यो चाड पर्दछ।
Sample 451 | Loss: 0.155650 | Text: मानिसहरु पैसाका लागि धनी मान्छेहरुलाई लुटपाट गर्ने काम गर्छन ।
Sample 452 | Loss: 0.197182 | Text: एउटा घरपरिवारमा बाबु, आमा, छोरा, छोरी, दाजु, भाई आदि सबैले एक-अर्कालाई आदर र माया गर्नुपर्छ।
Sample 453 | Loss: 0.193354 | Text: त्यस दिनको यात्रामा स्मरणीय कुरा थिए- गोसाईंस्थान, नजरियाको पसल, पछवरिया धार।
Sample 454 | Loss: 0.209759 | Text: पालिकाबाट प्राप्त जानकारीअनुसार गत जेठदेखि हालसम्म इन्धन खर्चबापत मात्र चौंसट्ठी लाख छपन्न हजार रुपैयाँ भुक्तानी दिइएको हो ।
Sample 455 | Loss: 0.168876 | Text: नत्र ति साच्चैका अवसर बिहिन नारीहरुको नाम भजाएर सिमित नाकहरु ठड्याउनका लागि देखाइने यो गाइजात्रे ।
Sample 456 | Loss: 0.143962 | Text: पहिला भन्दा अहिले पुस्तकालय नेपालमा धेरै पाइन्छ।
Sample 457 | Loss: 0.170138 | Text: केवल जीवित जीवनमा विश्वास गर्नेहरूले मात्र सोच्न सक्छन् र जीवनमा महान कार्यहरू गर्न सक्छन्।
Sample 458 | Loss: 0.146330 | Text: प्रारम्भिक रूपमा भने इरानले रुसलाई ड्रोन उपलब्ध गराएको अस्वीकार गरेको थियो ।
Sample 459 | Loss: 0.155085 | Text: मलाई लाज पनि लाग्यो, केवल एउटा नाउँको अधिकारी भएकोले ।
Sample 460 | Loss: 0.153854 | Text: भान्सामा खान खान बस्दा मेरो दुवै आँखा चुल्होमा तताइराखेको दूधमा गोदिन्थें।
Sample 461 | Loss: 0.122277 | Text: आजको दिनमा समाजमा समस्याहरु बढ्दै गएको छ ।
Sample 462 | Loss: 0.136279 | Text: नेपाली अवस्थामा सुधार ल्याउने उद्देश्य लिई नेपाली राष्ट्रियताको बलियो जग बसालेका हुन्।
Sample 463 | Loss: 0.169359 | Text: तिमीसँग छुटियो कि गन्ध, शब्दहीन महाशून्यमा म निस्सासिन थाल्छु ।
Sample 464 | Loss: 0.199439 | Text: अखडाको द्वारमै एउटा ठुलो बाँसमा सेतो ध्वजा गाडेको थियो; त्यहीँनिर तुलसीको बोट उमारेको एउटा माटोको सानो चौतारो थियो ।
Sample 465 | Loss: 0.116397 | Text: कमिश्नरले फेरि सोधेका थिए- घरका मानिसहरूलाई केही भन्नु छ ।
Sample 466 | Loss: 0.247582 | Text: यो समय हामीले पहिचान गर्नुपर्दछ कि हामी आफैंको लागि बाँच्न र अरूलाई प्रभाव पार्न नसक्नु पर्छ।
Sample 467 | Loss: 0.122825 | Text: पछवरिया धारामा नुहायौं, एकछिन पौड्यौं ।
Sample 468 | Loss: 0.196025 | Text: उचित वातावरणका अभावमा आफ्नो देशमा उचित शिक्षा, रोजगार, काम र माम नपाउँदा कतिपय युवावर्ग बरालिन्छ र युवावर्ग बरालिँदै देश विकासको गीत ओरालो लाग्दछ।
Sample 469 | Loss: 0.174015 | Text: यदि तिनीहरुले नै यसलाई प्रयोग गरेनन् भने हाम्रो देशको विकास हुन सक्दैन।
Sample 470 | Loss: 0.137854 | Text: हामी नेपाली नेपाललाई अंग्रेजबाट मुक्त गराएर स्वच्छ बनाउने बिर योद्धा हो ।
Sample 471 | Loss: 0.111721 | Text: वन विनाशको कारणले आइपर्ने दुखलाई हरेक मानिसमा बुझाई अर्थात् जंगलको महत्त्वको जन चेतना जगाई सबैले वृक्षारोपण गर्ने।
Sample 472 | Loss: 0.137822 | Text: उसले भनी- होइन, तिमीलाई थाहा होइन होला ।
Sample 473 | Loss: 0.197000 | Text: मैले आजसम्मको दिनहरुमा कहिल्यै सुनेको छैन उपर्युक्त ठाउंमा पुरुष शब्द जोडीएको ।
Sample 474 | Loss: 0.143862 | Text: किशोरको तन्द्रा भङ्ग भयो; सोच्यो- उनीहरू आए ।
Sample 475 | Loss: 0.177087 | Text: अझै गाउहरुमा पुस्तकालयको धेरै नै कमी छ र अविकसित ठाउँ भनेको गाउँ नै हो।
Sample 476 | Loss: 0.231697 | Text: मेरो एक्लो हृदयको सारा विकलतामा ती स्नेहका धूमिल रेखा अड्ण मायामय भएर गए; म भरिएँ र पुनः आमाको पिठयूँलाई अंकमाल गर्न पुगें ।
Sample 477 | Loss: 0.118287 | Text: बताउँदै कर्बीले रुसले इरानसँग अस्त्रको विकास तथा तालिमका क्षेत्रमा सहकार्य गर्न खोजिरहेको दाबी गरे ।
Sample 478 | Loss: 0.192052 | Text: यो देहातमा बारम्बार सम्झना हुन्छ, कम्पनी बगैंचाको ।
Sample 479 | Loss: 0.115625 | Text: बजारमा ल्याइरहेका छन्, विज्ञापन वा प्रचार-प्रसार नभई कुनै पनि वस्तुले बजार पाउन सक्दैन, त्यसैले औद्योगिक उत्पादनहरूको प्रचार-प्रसार खुब गर्नुपर्छ, हाम्रो देशमा विभिन्न ।
Sample 480 | Loss: 0.121104 | Text: हामीहरु विभिन्न किसिमका मीठा-मीठा जिब्रे लट्याउने जंगली फलफूलहरू खानका लागि नै जंगल पस्थ्यौ।
Sample 481 | Loss: 0.170871 | Text: फूलबारीलाई सयपत्रीले मात्र सुन्दर बनाएको होइन र चमेलीले मात्र चम्केको पनि होइन।
Sample 482 | Loss: 0.120803 | Text: जस्तै गाजा,चरेस,हेरोइन आदि ।
Sample 483 | Loss: 0.121156 | Text: बाल्यकालमा बिहे गराउने चलनलाई वाल विवाह भनिन्छ।
Sample 484 | Loss: 0.132317 | Text: हामी नेपालीले एकतामा बसी देशमा परेको हरेक समस्यालाई समाधान गर्छौ।
Sample 485 | Loss: 0.155654 | Text: गोर्खाली सैनिकको मात्र कम भएपनि उनीहरूको हिम्मतले उनलाई कसैले हराउन सक्दैनथ्यो।
Sample 486 | Loss: 0.177144 | Text: नेपाल चाडलाई “यमपञ्चक” र “दीपावली’ का रूपमा पनि चिनिन्छ।
Sample 487 | Loss: 0.120918 | Text: उनीहरूको भौतिकवादी सम्पत्तिहरू देखाउँछन् कि तिनीहरूको सोच यो सीमित हुन्छ।
Sample 488 | Loss: 0.245347 | Text: यसले परिवारबाट उनीहरूलाई दूरीमा राख्छ र उनीहरूको व्यक्तिगत सम्बन्धलाई बाधा पुऱ्याउँछ र यो सबै मात्र तनावतर्फ जान्छ।
Sample 489 | Loss: 0.257050 | Text: तिनीहरू केवल आवश्यकताका चीजहरू किन्न र ध्यान दिन्छन् कि उनीहरूलाई आफ्नो कामको मार्गमा असल मनुष्य बन्न र तिनीहरूको सामान देखाउन नसक्ने फोकस गर्छन्।
Sample 490 | Loss: 0.176481 | Text: नेपालबाहिर बस्ने हिन्दू नेपालीहरू पनि यस चाडलाई उतिकै महत्त्व दिई मनाउँछन्।
Sample 491 | Loss: 0.155396 | Text: छोराको राम्रो हेरविचार गर्नू !
Sample 492 | Loss: 0.170352 | Text: नेपाल आमाका उर्वर कोखबाट समय-समयमा युगप्रवर्तक महानायकहरूको जन्म भएको छ र राष्ट्रियताको रथ हाँक्ने सारथिहरूको उदय भएको छ।
Sample 493 | Loss: 0.144631 | Text: खरिद गरिएको एसीको भुक्तानी बजार रेटभन्दा बढी गरिएको नगरपालिकाकै कर्मचारीहरू बताउँछन् ।
Sample 494 | Loss: 0.117331 | Text: सान्नानीले त्यसको खोटो नङले कोट्टाएर मलाई सुँघाई ।
Sample 495 | Loss: 0.159583 | Text: कोठाको अँध्यारो बाहिरको एउटा बल्बको प्रकाशले हटाइरहेको थियो ।
Sample 496 | Loss: 0.195093 | Text: बा भने आँसुलाई बलपूर्वक थाम्दै, नरिवलको हुक्कामा तमाखुमाथि तमाखु तानेर पिंढीमा एकहोरो टोलाएर बसिरहँदा होलान्‌ ।
Sample 497 | Loss: 0.136315 | Text: हाम्रो समाजमा धेरै समस्या हुने गर्छ ।
Sample 498 | Loss: 0.205815 | Text: हामीले बुझ्नैपर्छ कि खुशी केवल बाहिरका चीज भित्र र बाह्य चीजहरूमा मात्र पाउन सकिन्छ।
Sample 499 | Loss: 0.118339 | Text: पोखरीको उत्तरपषट्टिको डिलमा पहेँलो चम्पाको रूख थियो जसमा पहेँला फूल फुलेका थिए ।
Sample 500 | Loss: 0.205815 | Text: इन्जीनियर, वकिल, शिक्षक, प्राध्यापक, कृषक, लेखक, कलाकार, खेलाडी, कर्मचारी, पत्रकार, सैनिक, प्रहरी आदि जुनसुकै क्षेत्रमा सर्वप्रथम व्यक्तिको प्रवेश युवावस्थामा नै हुन्छ।
Sample 501 | Loss: 0.133485 | Text: यीनै पृथ्वीनारायण शाहको जन्म।
Sample 502 | Loss: 0.125387 | Text: राति सुत्ने कोठामा धेरै बेरसम्म सान्नानी पनि थिई ।
Sample 503 | Loss: 0.183371 | Text: उनले काठमाण्डौ उपत्यका जस्तो समृद्ध शाली, वैभवशाली राज्यमाथि हमला गर्न तगाराका रूपमा देखिएको नुवाकोटमाथि पहिलो आक्रमण गरे।
Sample 504 | Loss: 0.150191 | Text: चेलीबेटी बेचबेखन भनेको महिलालाई बेच्ने काम हो।
Sample 505 | Loss: 0.237577 | Text: येनकेन प्रकारले चारैतिर उम्रेका छन्‌ अव्यवस्थित किसिमबाट; भूप्रान्त कुनै छैन जसमा यो हरियो जाला नफैलिएको होस्‌ ।
Sample 506 | Loss: 0.177883 | Text: त्यसो हुनाले, चारैतिरबाट हरेस खाएर म आमाको पिठ्युमा टाँस्सिइरहेँ ।
Sample 507 | Loss: 0.230073 | Text: मीठो गन्ध ।
Sample 508 | Loss: 0.193259 | Text: तर युक्रेनमाथि आक्रमण हुनुअघि केही मात्रामा ड्रोन उपलब्ध गराएको स्वीकार गरेको थियो ।
Sample 509 | Loss: 0.151574 | Text: देश विकासको गहकिलो कुलतमा बरालिन नदिई उनीहरूलाई जोस र होसका साथ कम्मर कसेर बढ्नका लागि अनुकूल वातावरण बनाइदिएमा ।
Sample 510 | Loss: 0.199635 | Text: उसको हात आफ्नो हातमा लिएर- हामी दुवैले मिलेर आफ्नो छोरालाई राम्ररी हेरौंला, माया गरौंला, पढाउँला-लेखाउँला र ठूलो पारौंला ।
Sample 511 | Loss: 0.131348 | Text: बगैँचामा रङ्गीबिरङ्गी फूलहरू रहे झैँ यहाँ धेरै जात जाति छन्।
Sample 512 | Loss: 0.183482 | Text: पालिकामा चौँतिस मोटरसाइकल, स्कारपियो, कार, जेसिबी, वारुणयन्त्र एक/एक वटा तथा तीन वटा ट्रिपर र छ वटा ट्र्याक्टर छन् ।
Sample 513 | Loss: 0.198771 | Text: यो आधुनिक युगमा मानिस स्वन्त्रताका कारणले धेरै विकासहरू गरिरहेका छन्, मानिस खुल्ला पन्छी जस्ता छन्।
Sample 514 | Loss: 0.202573 | Text: त्यसपछि उनले क्रमशः: नुवाकोट लगायतका गोर्खाका छिमेकी राज्यहरू र पश्चिमतर्फका बाइसी र चौबीसी राज्यहरूमा ।
Sample 515 | Loss: 0.160368 | Text: दरबारमा राजा-रानी र अरू राजपरिवारका प्राणीहरू सुतेका थिए ।
Sample 516 | Loss: 0.198197 | Text: तर अनुशासनको बाटोमा हिँड्ने मानिसले जीवनमा सफलताको शिखर छुन सक्तछ।
Sample 517 | Loss: 0.119085 | Text: किशोरले फेरि आग्रह गरेको थियो- हो, नयाँ युगका अनुसार हामीले पनि हिंड्ने बानी गर्नुपर्छ राधा !
Sample 518 | Loss: 0.126288 | Text: हामीहरूले छोहोरा, मिश्री र नरिवल किन्यौं ।
Sample 519 | Loss: 0.158389 | Text: त्यसै गरी यस दिन गोरुको पूजा गर्ने चलन छ।
Sample 520 | Loss: 0.131176 | Text: पोखरी सानो थियो ।
Sample 521 | Loss: 0.170931 | Text: यदि छोरी भयो भने पेटमै मर्ने गरेको खबर आउछन्।
Sample 522 | Loss: 0.177462 | Text: मेरो दाइ पनि ढुक्कुरको शिकारमा यता आउनुभएको रहेछ, अनि पो, मुनरिया बाँच्न पाई ।
Sample 523 | Loss: 0.142031 | Text: कमिश्नरको बोली सुनियो कोठामा- अब बाहिर आउनुपर्यो  ।
Sample 524 | Loss: 0.139790 | Text: हामीहरू उभिया ठाउँनिर नदी यसो बाङ्गिएर पूर्वतिर लागेको छ्‌ ।
Sample 525 | Loss: 0.123986 | Text: राष्ट्रिय एकताका मर्मज्ञ एवम् ऐतिहासिक युगपुरुष पृथ्वीनारायण शाहले व्यष्टि-व्यष्टिका रूपमा रहेका राज्यलाई समष्टि रूप प्रदान गरी नेपाली राष्ट्रियताको बलियो जग बसालेका हुन्।
Sample 526 | Loss: 0.201983 | Text: युवाका लामा-लामा सबल भुजहरूले जुनसुकै चुनौती र अवरोधहरूलाई पनि धुजा-धुजा पार्न सक्छन्।
Sample 527 | Loss: 0.141090 | Text: हामीले ज्ञानले विश्वलाई परिवर्तन गर्न सक्छौ।
Sample 528 | Loss: 0.238265 | Text: हाम्रो समाजमा हत्याहिंसा,भेदभाव,दाइजो प्रथा,बाल बिवाह,लागु पदार्थ खाने आदि समस्याहरु हुन् ।
Sample 529 | Loss: 0.117993 | Text: कहिलेकाहीँ त् मलाई फेरी बाल्यावस्थामै फर्कू कि जस्तो लागेर आउँछ।
Sample 530 | Loss: 0.123489 | Text: सान्नानीलाई मैले आदर-स्नेह गर्ने कुनै बाटो पाइनँ, केवल बनारसदेखि बचाएर राखेको एक आना पैसा मेरो खल्तीमा थियो ।
Sample 531 | Loss: 0.172615 | Text: नेपाल अधिराज्य भरका हिन्दूहरूले यो चाड धूमधामसँग मनाउँछन्।
Sample 532 | Loss: 0.128214 | Text: छोरा पाउने आशामा महिलाले धेरै शिशु जन्माउँछन्।
Sample 533 | Loss: 0.221572 | Text: त्यसै गरी संस्कृतिक मूल्य र मान्यताका अनुसरण पनि सबैले गर्नुपर्दछ, राजनीतिक क्षेत्रमा त् झन् अनुशासन हुनु अपरिहार्य छ, ।
Sample 534 | Loss: 0.126153 | Text: उनीहरूको वीरता विश्वभरि फैलिएको छ।
Sample 535 | Loss: 0.155634 | Text: यस्तै धार पश्चिमपष्टि पनि छ- पछवरिया धार ।
Sample 536 | Loss: 0.126901 | Text: अन्धकारमा मानिसको लोक थाकेर मरेको- चिसो, जाडोले कठ्याङ्ग्रिएको ।
Sample 537 | Loss: 0.188165 | Text: युक्रेनको आरोप सुरुमा अस्वीकार गरेको भए पनि पछि इरानले रुस–युक्रेन युद्ध सुरु हुनुभन्दा कैयौं महिना अघि सीमित मात्रामा ड्रोनहरू पठाएको बताएको थियो ।
Sample 538 | Loss: 0.221296 | Text: उनको दृष्टि हमवात्खंड टुक्रा-टुक्रा परेर छिन्न-छिन्न भइरहेको दयनीय अवस्थातर्फ पुग्यो; उनको ध्यान ती स्वार्थी शासकहरूद्वारा भागबन्डा गरिएको।
Sample 539 | Loss: 0.188680 | Text: इरानले उपलब्ध गराएका ड्रोनहरूको प्रयोग गरेर रुसले युक्रेनी ऊर्जा केन्द्रमा आक्रमण गरेको छ।
Sample 540 | Loss: 0.212598 | Text: अनि स्वाभाविक स्थितिमा आएर उसले भनेकी थिई- तिमी कहिले- कहिले अनौठो व्यवहार गर्छौ, अनौठो कुरा गर्छौ ।
Sample 541 | Loss: 0.136254 | Text: चुँडाल्न सक्छ र विकासको अभियानमा देशले लामो फड्को मार्न सक्छ।
Sample 542 | Loss: 0.178666 | Text: महंगा लुगा र घरको चीजहरू किन्नुहोस् - के लागि? यो सबै एक राम्रो सामाजिक खडा स्थापित गर्न को लागी।
Sample 543 | Loss: 0.206686 | Text: त्यसैले आज भोलि म घरीघरी आफ्नो बाल्यकालको मीठो सम्झना गरेर मन बहलाउने गर्दछु।
Sample 544 | Loss: 0.135281 | Text: बा-आमा दुवैले बडो आग्रह गरे र भने- बुहारी घरैमा हामीसँग बस्छे, तँ पढ्न जालास्‌ ।
Sample 545 | Loss: 0.223501 | Text: घर वरिपरि खेतमा धानका हरियो बुटाबुटिहरु हावाको हलुको स्पर्श पाएर मेरो आगमनको खुसीयालीमा छमछमती नाचिरहेको थिए।
Sample 546 | Loss: 0.127762 | Text: हाम्रो गाउँको पूर्वपट्टिको सिमाना पनि यही नदी हो ।
Sample 547 | Loss: 0.130175 | Text: यसले गाउँलाई तडका (बिजली) को डर हुँदैन- सान्नानीले मलाई बताई ।
Sample 548 | Loss: 0.214738 | Text: पहिले-पहिलेको जस्तो भावनाले विभोर भएर होइन, एकदम अनुद्विग्न भएर; मानौं घरको दृश्य त्यो हेरिरहेको छ, तस्वीरहरूमा ।
Sample 549 | Loss: 0.130797 | Text: हाम्रो देश नेपालमा दश % व्यापारीले पनि राम्ररी कर तिर्दैनन् र यसको परिणाम पनि हामीले नै भोग्ने गर्छौ।
Sample 550 | Loss: 0.193655 | Text: अर्को दिन जाउँला त्यता..." चिलौनी धारबाट घर फर्किंदा मडरको पोखरी हेर्न गयौं ।
Sample 551 | Loss: 0.205901 | Text: आँगनमा खेल्दा खेल्दै म गाउँका आफ्नै उमेरका साथीहरूसँग घुलमिल हुन थालेँ र मेरो क्रिडीस्थल फराकिलो हुँदै गयो।
Sample 552 | Loss: 0.161455 | Text: उसको दुर्दमनीयतामा लज्जा र सङ्कोचले कुनै ठाउँ पाएको थिएन ।
Sample 553 | Loss: 0.139011 | Text: आमा भन्नुहुन्छ- हट्न, के टाँस्सिरहेको ? जा बाहिर गएर खेल्‌ ।
Sample 554 | Loss: 0.118333 | Text: मकवानपुरे राजाका सहयोगमा आएका विहारका नबाब मीर कासिमलाई मकवानपुरकै घुँडा टेकाइदिए।
Sample 555 | Loss: 0.134343 | Text: उसको पानीसँग खेलिरहेको गोडा थामिएका थिए ।
Sample 556 | Loss: 0.131503 | Text: राधा कत्रो भरोसा लिएर आइरहेकी थिई त्यस साँझमा ।
Sample 557 | Loss: 0.157882 | Text: मेरो नाम श्रुति हो र म आज एउटा कथा सुनाउछु।
Sample 558 | Loss: 0.173326 | Text: कथाको शिर्षक हो 'सर्कसको हात्ती'।
Sample 559 | Loss: 0.136964 | Text: पोखरा कसरी पुग्ने होला।
Sample 560 | Loss: 0.154573 | Text: आज मौसम बडो रमाइलो छ।
Sample 561 | Loss: 0.148790 | Text: सबैको घरघरमा नेपाल समाचारपत्र आउथ्यौँ।
Sample 562 | Loss: 0.134384 | Text: कलेज सकिएपछी उनिहरु पहिलोपल्ट भेट्न लागिरहेका थिए।
Sample 563 | Loss: 0.125586 | Text: कस्तो होला त्यो भेट भन्ने प्रश्न सबैको मनमस्तिश्कमा थियो।
Sample 564 | Loss: 0.136246 | Text: सबैले उनिहरुको ताली पिटेर स्वागत गरे।
Sample 565 | Loss: 0.148323 | Text: बाकी सबैजना पनि बिस्तारै बिस्तारै आउँदै गरे।
Sample 566 | Loss: 0.212836 | Text: इष्टमित्रहरूले भनेका थिए- आजकल अङ्ग्रेजी नपढाईकन हुँदैन।
Sample 567 | Loss: 0.178618 | Text: मलाई कक्षाका साथीहरू निकै मन पराउथे।
Sample 568 | Loss: 0.205703 | Text: तिहारको पहिलो दिनलाई काग-तिहार भनिन्छ।
Sample 569 | Loss: 0.172500 | Text: छोरोले जब म्याट्रिकमा प्रथम श्रेणी ल्यायो, बाको आँखा त्यसै गर्वले उज्यालो भएको थियो, तर मुखले भने गर्वको एक वाणी बर्सिएका थिएनन्‌ ।
Sample 570 | Loss: 0.253147 | Text: मनिस सम्पत्ति,घरबंगलाका लागि आफ्नो छिमेकी,घरपरिवारलाई मार्ने गरेको समाचारमा सुनाउने गरेको छ।
Sample 571 | Loss: 0.225611 | Text: यस दिनलाई ‘भाइटीका’ पनि भनिन्छ।
Sample 572 | Loss: 0.215177 | Text: त्यसै बखतमा फलामे डन्डी भएको कोठरीको ढोकामा बाक्लो साङ्लो बज्यो ।
Sample 573 | Loss: 0.234258 | Text: घरपरिवारदेखि लिएर समाज, धर्म, संस्कृति, राजनीति, वित्त आदि सबै क्षेत्रमा अनुशासन चाहिन्छ ।
Sample 574 | Loss: 0.142167 | Text: बगेर खेर गइरहेको नदीमा बाँध बाँधेर विद्युत्ऊर्जा निकलेझैँ खेर गइरहेको युवा शक्तिलाई सुसङ्गठित पारी राष्ट्रिय विकासको अभियानमा पोख्न सकिन्छ ।
Sample 575 | Loss: 0.226196 | Text: यसको स्वाद लीन सक्नु पनि जीवनको रमाइलो नै हो।
Sample 576 | Loss: 0.240482 | Text: पालिकाले गत आर्थिक वर्षको अन्तिममा असारमा सोह्र वटा एसी (एयर कन्डिसन) खरिद गरेको हो ।
Sample 577 | Loss: 0.240677 | Text: यो संस्कृति विकासको एउटै लक्ष्यमा लम्केको करोडौँ नेपालीको एकता अभियान छ।
Sample 578 | Loss: 0.217981 | Text: नेपालका पहाड, भित्रि मधेस् तथा तराई क्षेत्र गरी सबै क्षेत्रतिर नेपाली भाषा बोलिन्छ।
Sample 579 | Loss: 0.285698 | Text: यो प्राय गाउमा हुने गर्छ।
Sample 580 | Loss: 0.155137 | Text: पशुपतिनाथ मन्दिर, दत्तात्रेय, तलेजु भवानी मन्दिर, कृष्णमण्डप, मनकामना मन्दिर आदि जस्ता मन्दिर र ती ठाउँक कलाकृति यहाँको शोभा बढाएका छन्।
Sample 581 | Loss: 0.236520 | Text: उसले बालाई एक-दुईचोटि भनेको थियो- बा, अहिले बिहे गर्दिनँ पढिसिध्याउँछु, अनि।
Sample 582 | Loss: 0.214828 | Text: मेरो देश विश्वमै एक भूपरिवेष्ठित देशका रुपमा चिनिन्छ।
Sample 583 | Loss: 0.258443 | Text: नारी हक र स्वतन्त्रता भन्ने बितिक्कै पुरुष जमात तिर फर्केर औंला उठाउने परम्परित प्रब्रित्तीबाट ग्रस्त नारीहरुको जमात पनि छ ।
Sample 584 | Loss: 0.243689 | Text: जेठो छोरोले त्यति अङ्ग्रेजी पढिहाल्यो; अब घर बसोस्‌ र खेती हेरोस्‌ ।
Sample 585 | Loss: 0.270494 | Text: अनुशासन मानिसका लागि अति आवश्यक छ।
Sample 586 | Loss: 0.233971 | Text: त्यही ज्ञानका कारणले तिनीहरुको मनमा मानसिकता जाग्ला र केही गर्न परिश्रमका साथ अगाडि बढ्छन्।
Sample 587 | Loss: 0.172016 | Text: उहाँले यो आविष्कार गरेर आफ्नो नाम अहिले कमाइरहेका छन्।
Sample 588 | Loss: 0.246523 | Text: सामाजिक समस्या मध्ये एक नराम्रो र बिस्तृत रुपमा चलिरहेको समस्या दाइजो प्रथा हुन्।
Sample 589 | Loss: 0.262369 | Text: बतहिया चमाइन जो बोक्सी थी र जसको घर गाउँभन्दा छुट्टै दक्खिनपट्टि थियो ।
Sample 590 | Loss: 0.273175 | Text: यसको कारणले यो देशको जनसङख्यामा असर पर्छन्।
Sample 591 | Loss: 0.237768 | Text: अधिकांश शिक्षित नारीहरु जस्लाई म राम्ररी चिन्छु को ठुलो संख्या दुई जोडा नयाँ र किम्ती लुगा ,दुई चारजोर सुनका गहना ।
Sample 592 | Loss: 0.264937 | Text: मेरो यस्तो बानीबेहोराबाट घरका सबै जना प्रसन्न हुनुहुन्थ्यो।
Sample 593 | Loss: 0.247955 | Text: त्यसपछि राति बसेर ऊ दुलहीलाई पढाउन थालेको थियो ।
Sample 594 | Loss: 0.249930 | Text: आज मानिसहरु समयलाई उप्युक्त तरिकाले उपयोग गर्नका लागि यसमा भएको किताबहरु पढ्ने गर्छन।
Sample 595 | Loss: 0.322586 | Text: यो धारमा माछा पाइँदैन ।
Sample 596 | Loss: 0.201920 | Text: म अथाह ज्ञान-आर्जन गर्ने अभिलाषा बोकेर विद्यालय धाउन लागे।
Sample 597 | Loss: 0.136306 | Text: देशभक्तिलाई सर्वोपरि आधार र राष्ट्र निर्माणलाई अन्तिम लक्ष्य बनाएर युद्धारम्भ गरेका पृथ्वी जब एउटा घरका भाइ आपसमा झगडा गरे।
Sample 598 | Loss: 0.247445 | Text: यहाँ पनि रूख छन्‌, फूल, पात, लता, गुल्मी पनि चारैतिर उम्रिएका छन्‌ ।
Sample 599 | Loss: 0.235479 | Text: यदि हामीले एकतामा एकजुट भइ कम गर्यो भने सामाजिक समस्याको अन्त्य हुनेछ र समाजको विकास हुनेछ।
Sample 600 | Loss: 0.148738 | Text: अन्तिम घडीमा एक-एक गरेर सारा दृश्य उसका सामुन्ने आइरहेका थिए र सोच्दासोच्दै ऊ गुँडुल्किएर निदाएछ ।
Sample 601 | Loss: 0.251524 | Text: र उसले बैनीलाई भनेको थियो- बैनी, भाउजूलाई पनि आफूले पढेको सिका न ।
Sample 602 | Loss: 0.249489 | Text: सडकमै फुटपाथमा गोडा लतार्दै अझै आफ्नो घरको आश्रयमा पुग्न नसकेका लुगैलुगाले सारा शरीरलाई बेरेर हिँडेका एक-दुई मानिसहरू।
Sample 603 | Loss: 0.227478 | Text: तिनीहरु सोच्छन् छोराले भविष्यमा सहायता गर्छन तर छोरीले बिहेमा मात्र खर्च गराउछन्।
Sample 604 | Loss: 0.230715 | Text: पर्वतारोहण मानिसको सोखको कुरा हो।
Sample 605 | Loss: 0.234264 | Text: उसले बैनीलाई राखेर भन्यो- बैनी, तिमीले पढ्नु पनि पर्छ ।
Sample 606 | Loss: 0.239144 | Text: तिब्र गतिमा बढिरहेको नसालु पदार्थलाई लागु पदार्थ भनिन्छ ।
Sample 607 | Loss: 0.220645 | Text: यो भनाइ मत्स्य पुराणमा छ।
Sample 608 | Loss: 0.199220 | Text: शर्मिला ।
Sample 609 | Loss: 0.150561 | Text: अनन्तसम्म पर्खन पनि तयार हुनुपर्छ तर यत्रो द्रुतगतिमा बढिरहेको दुनियाँमा के हामी नेपालीले अनन्तसम्म पर्खिरहने !
Sample 610 | Loss: 0.142991 | Text: समष्टिमा भन्नुपर्दा राष्ट्रको उदय गराउनका साथै समस्त नेपाली जनतालाई सुषुप्तिका तर्फबाट उकासी चेतना।
Sample 611 | Loss: 0.159278 | Text: हाम्रो देशमा बिर गोर्खालीहरु जन्मेका हुन्, उनिहरुले शत्रुहरुलाई पराजित गरेर हाम्रो देशलाई जोगाएका हुन्।
Sample 612 | Loss: 0.221584 | Text: साँझको अन्धकार गाढा हुँदै आएको थियो ।
Sample 613 | Loss: 0.191637 | Text: भेदभाव भनेको जात,धर्म,छोराछोरी आदि बिच गरिने भेद वा तल्लो उच्चको भावलाई भेदभाव भनिन्छ।
Sample 614 | Loss: 0.238530 | Text: इतिहासका पाना पल्टाउँदै जाँदा प्रत्येक देशका सीमारेखाहरू युवावर्गको रगतबाट कोरिएका छन् भने उनीहरूमा विकृति-विसंगति पनि छन् ।
Sample 615 | Loss: 0.229293 | Text: देशको भौतिक अवस्थामा गुणात्मक परिवर्तन गर्ने काम नै देश विकासको काम हो।
Sample 616 | Loss: 0.222793 | Text: तुलसीको मठलाई सफासँग लिपेर स्वच्छ बनाएको थियो ।
Sample 617 | Loss: 0.238478 | Text: पाकडको वायुको नजिकै मशान भएकोले मध्यराति र मध्यदिनमा यहाँ आउनु हुँदैन ।
Sample 618 | Loss: 0.254878 | Text: त्यसै गरी यस चाडमा खेलिने भैलो र देउसीलाई पैसा कमाउन मध्यम बनाउने दुष्प्रवृत्ति पनि बढ्दो छ।
Sample 619 | Loss: 0.217536 | Text: विशाल समुद्र पनि आफ्नो निश्चित सीमामा अडेको हुन्छ।
Sample 620 | Loss: 0.230683 | Text: मेरो देशलाई मन्दिरै मन्दिरको देश पनि भनिन्छ।
Sample 621 | Loss: 0.166010 | Text: हुन् त् नेपालमा अरू थुप्रै भाषाहरू बोलिन्छन् तर सम्पूर्ण नेपालीहरूका बीचमा सम्पर्क कायम गर्ने भाषामा रूपमा नेपाली भाषा नै रहेको छ।
Sample 622 | Loss: 0.246404 | Text: दाँती लागिसकेको थियो ।
Sample 623 | Loss: 0.230202 | Text: अनुशासनले व्यक्तिलाई मात्र नभई परिवार, समाज, राष्ट्र र विश्वलाई समेत शिष्ट, सभ्य र सुसंस्कृत बनाउँछ।
Sample 624 | Loss: 0.196246 | Text: तत्त्व र देशबाहिरका अंग्रेज साम्राज्यवादी शक्तिसँग बुहारीसाथ लडेर नेपाल र नेपालीको अस्तित्व र अस्मितालाई जोगाए।
Sample 625 | Loss: 0.221493 | Text: अनुशासनको पालना गर्ने व्यक्तिले समाजमा उच्च पद र प्रतिष्ठा प्राप्त गर्दछ।
Sample 626 | Loss: 0.271474 | Text: त्यसै ऊ कुनै किसिमको बाधा, बन्धन, रोकावट, दबाब आदि मा नरही फुक्का हुन् चाहन्छ, मानिस कुनै पनि किसिमको बन्धन मन पराउँदैनन्, जसरी चराहरू फुक्का भई ।
Sample 627 | Loss: 0.219870 | Text: जसको माथिपट्टिको हिस्सामा ठाउँ-ठाउँमा चिरा परेका थिए ।
Sample 628 | Loss: 0.242107 | Text: शरीरमा धमिलो पानी, हावा र घामको माध्यमले सुकेको हुनाले शरीरभरि धूलो र पानीको रेखाचिन्ह स्पष्ट देखिन्थे ।
Sample 629 | Loss: 0.228723 | Text: भर विभिन्न कार्यक्रमहरूको आयोजन गरी देवकोटाको जन्म जयन्ती मनाउने गरिन्छ।
Sample 630 | Loss: 0.239325 | Text: समाजमा जातधर्म,काम,भाषाभेषमा भेदभाव गरिन्छ।
Sample 631 | Loss: 0.184085 | Text: उनीहरु नेपालमै जन्मेका थिए।
Sample 632 | Loss: 0.247703 | Text: सानो भाइ आफ्नो स्कुलमा राजनीतिका कुरा गर्दो हो र भन्दो हो- नेपालमा प्रजातन्त्र ल्याउनुपर्छ ।
Sample 633 | Loss: 0.216043 | Text: पहिला मानिस अरूको अधिनमा भएकोले चाहेको कुरा गर्न सक्दैनथे तर आजकल येसै पनि केहि गर्दैनन् ।
Sample 634 | Loss: 0.264510 | Text: नीलो र स्वच्छ आकाश, खेतमा झुल्ने धन, घर-आँगनमा ढकमक्क फुलेको सयपत्री र मखमली फूल आदि सबैले तिहारको सौन्दर्यलाई बढाएको देखिन्छ।
Sample 635 | Loss: 0.236356 | Text: गाढा हरियो दूबो पनि ठूला-ठूला क्यारीमा उमारिया छन्‌ जसउपर गोडा राख्दा मन हरियो हुन्छ, त्यसै पुलकित हुन्छ शरीर ।
Sample 636 | Loss: 0.143271 | Text: नेपाली बहसले पनि सम्पूर्ण नेपाली जनतालाई एकताको मालामा उनेकाले हामी सबैका निम्ति नेपाली बहसको ठूलो महत्त्व रहेको छ।
Sample 637 | Loss: 0.167985 | Text: कानमा केही शब्द पर्दैन; भित्री कानले मात्र छोडेर आएको बनारसको गल्लीको ध्वनि सुनिरहेको छ ।
Sample 638 | Loss: 0.225025 | Text: सत्र सय उनासी साल पौष सत्ताइस गतेका दिन गोर्खाको दरबारमा भएको हो।
Sample 639 | Loss: 0.227857 | Text: शिक्षकको सान गर्ने र तिनले पढाएको-सिकाएको कुरा ध्यान दिएर अध्ययन गर्ने विद्यार्थी पछि गएर असल नागरिक बन्दछ र उसको भविष्य पनि उज्जवल बन्दछ।
Sample 640 | Loss: 0.235113 | Text: अस्ति हाम्रै गाउँकी मुनरियालाई वायु चढेको थियो ।
Sample 641 | Loss: 0.234924 | Text: कलाकृतिहरुले पनि भरिएको मेरो देश विश्वमै एक अनौठो र आफ्नै प्रकारका विशेषता भएको रमाइलो देश बन्न पुगेको छ।
Sample 642 | Loss: 0.166133 | Text: त्यहाँ आरामपूर्वक जीवन बिताउने र एक भव्य जीवनशैली बीच एक फरक छ।
Sample 643 | Loss: 0.237435 | Text: यो बहुसङ्ख्यक नेपालीहरूले बोल्ने भाषा हो।
Sample 644 | Loss: 0.243998 | Text: एउटा सानो ढक्कीमा तीन किसिमका चुराहरूलाई अलग्ग डोरीले बाँधेर र अरू सामानहरूलाई एउटा नाङ्लोमा दुई-तीन थुप्रो पारेर राखेको थियो ।
Sample 645 | Loss: 0.247191 | Text: अहिले फूल त्यसमा लागेको थिएन; कहिएका, सुकेका फलहरू भुइँमा छरिएका थिए जसमाथि भुसुनाहरू भुं-भुं गर्दै उड्दै-बस्दै गरिरहेका थिए ।
Sample 646 | Loss: 0.244560 | Text: यो तिहार कार्तिक महिनाको शुल्क पक्षको प्रतिपदा तिथिमा पर्दछ।
Sample 647 | Loss: 0.229006 | Text: किशोर राडीमा लेटी-लेटी सुनिरह्यो, जेलका बिभिन्न ध्वनिहरू जब कि सबभन्दा उपर चढेको हुन्थ्यो चौकीदारहरूको गर्जन- होशियार ! होशियार!
Sample 648 | Loss: 0.209125 | Text: अन्तर्कलहले गर्दा चर्किदैं र ढल्दै गरेको देखे; त्यसबाट संसारमा सूर्य नअस्ताउने देशका रूपमा उपनिवेश फैलाउँदै गरेको ।
Sample 649 | Loss: 0.214766 | Text: यहाँ रङ्गीबिरङ्गी चरा चुरुङ्गीहरूका मीठा गीत जस्तै धेरै किसिमका भाषा छन्।
Sample 650 | Loss: 0.185357 | Text: त्यसैगरी हामीले पनि आफ्ना कर्तव्यहरू इमानदारी पूर्वक गरेर कर तिर्ने देखि लिएर बिजुली, खानेपानीको पैसा पनि समय मे दिई असल उदाहरण बन्नुपर्छ।
Sample 651 | Loss: 0.248896 | Text: बिहानले दिनको संकेत गर्छ भनेझैँ विद्यार्थी जीवनले मानिसको भविष्य राम्रो वा नराम्रो के हुने भन्ने कुराको संकेत गर्दछ।
Sample 652 | Loss: 0.153601 | Text: हामी सबै देशका र समाजका सच्चा नागरिक हौ भने यस्ता समस्यालाई मिलिजुली सुल्झाउनुपर्छ।
Sample 653 | Loss: 0.206921 | Text: त्यसरी नेपाली भाषाले हरेक क्षेत्रमा प्रगति गर्न सकेको छ।
Sample 654 | Loss: 0.240677 | Text: यो पनि त यहाँ अन्त्य नहुने गरी चारैतिर फैलिएको छ; र यसको आकृतिमा कनै पनि परिचयको सानो झल्को पनि पाइँदैन।
Sample 655 | Loss: 0.237608 | Text: यस दिन प्राय: घरघरमा सेल तथा अन्य मीठा-मीठा परिकारहरू पकाई खाने प्रचलन नेपालीहरूमा चलेको छ।
Sample 656 | Loss: 0.242465 | Text: त्यसैले पत्रपत्रिकाहरू पढ्नु मानिसको राम्रो बानी हो र यस्तो बानीले यसलाई सधैँ फाइदा नै हुन्छ, पत्रपत्रिकाहरू सञ्चारका भरपर्दो साधन हुन् ।
Sample 657 | Loss: 0.238073 | Text: स्रोतका अनुसार एसी कोटेसन प्रक्रियाद्वारा खरिद गरिएको हो ।
Sample 658 | Loss: 0.258750 | Text: अनि भैलो खेलेबापत घरमूलीले श्रद्धाले दिएका सेल, रुपैयाँ आदि लिई उनीहरू रमाउँछन्।
Sample 659 | Loss: 0.221965 | Text: त्यसो भएमा नेपाली संस्कृति सदैव निर्मल र अनुकरणीय बन्ने छ।
Sample 660 | Loss: 0.236195 | Text: प्रकृतिले पनि नियमको पालन गरेको पाइन्छ।
Sample 661 | Loss: 0.230614 | Text: पृथ्वी सबैकी आमा होलिन्‌, तर त्यस दिन ती वृद्धाले मलाई मायाको इशारा गरिनन्‌; स्नेह स्निग्ध दृष्टिले सम्म यसो मलाई हेरिनन्‌ ।
Sample 662 | Loss: 0.213684 | Text: दुई देशबीचको सम्बन्ध विश्व सुरक्षाका लागि खतरनाक भएको बताएका छन् ।
Sample 663 | Loss: 0.230514 | Text: त्यसै गरी केटोहरूले घरघर गई देउसी खेल्ने दिन पनि यही हो।
Sample 664 | Loss: 0.221928 | Text: अचेल नेपालीहरुले विदेशीहरुलाई पाहुना ठान्ने र आवश्यक सेवाशुल्क लिई उनीहरुको आदर-सत्कार गर्ने नयाँ चलन अँगालेका छन् तापनि ।
Sample 665 | Loss: 0.232241 | Text: बाहिर त्यो देहातको बिस्तृत जगत्‌मा, अबाध गतिले बगिरहेको हावाको त्यो मुलुकमा जहाँ सूर्य अविरल रूपले चारैतिर प्रकाश ओडइरिरहेका छ।
Sample 666 | Loss: 0.266681 | Text: नारीहरु पीडित ,प्रताडित ,दलित ,दंशित हुनु रहनुमा अशिक्षा ,अवसरको कमी आदी ले भूमिका खेलेको छ् र म पनि मान्छु ।
Sample 667 | Loss: 0.258832 | Text: राजनीति गर्नेहरु अनुशासनहीन भए पनि त्यसको असर सिङ्गो राष्ट्रलाई पर्दछ, सम्पुर्ण जनतालाई पर्दछ, वित्तीय क्षेत्रमा अनुशासन भएन भने कुनै राष्ट्र चल्दैन ।
Sample 668 | Loss: 0.174296 | Text: यो कथित 'दिवस' प्रती मेरो घोर आपत्ति छ ,यसलाई मैले नौटंकी नाम दिंदा कसैको भावनामा ठेस लाग्छ भने धिक्कार छ ति स्वांठ कथित शिक्षित भनौदाहरुलाई।
Sample 669 | Loss: 0.220091 | Text: विश्वमा मेरो देश 'सगरमाथाको देश' भनेर नामले समेत चिनिन्छ।
Sample 670 | Loss: 0.267792 | Text: समेट्ने खेलको सामग्रीहरू छापिएका हुन्छन्, यी विभिन्न विषयमा जानकारी हासिल गरेर हरेक क्षेत्रमा अगि बढ्न सजिलो हुने भएकोले आधुनिक युगमा पत्रपत्रिकाको महत्व छ।
Sample 671 | Loss: 0.216578 | Text: सुरका पुकारहरूको सम्मिलित ध्वनि, त्यसैले हृदयको कानमा एउटा मीठो बर्षा गराइरहेको छ ।
Sample 672 | Loss: 0.224667 | Text: एउटा पुरानो मुद्दामा अख्तियारले विशेष अदालतमा मुद्दा दर्ता गरेपछि असारको अन्तमा उनी निलम्बनमा परेका थिए ।
Sample 673 | Loss: 0.233116 | Text: काशीमा माटोलाई घेरेर राखेको छ, दुई-तीन पुष्पबाटिकाहरूमा र केही सौखिन नागरिकहरूको घरमा सजाइएर लाममा राखिएका गमलाहरूमा ।
Sample 674 | Loss: 0.219064 | Text: उनले नेपालको भौगोलिक एकीकरण मात्र नगरी संस्कृतिक र भावनात्मक रूपमा पनि नेपाल र नेपालीलाई एक परेका हुन्।
